   ------------------------------------------------------------
  | Welcome to ROOT 6.06/01                http://root.cern.ch |
  |                               (c) 1995-2014, The ROOT Team |
  | Built for linuxx8664gcc                                    |
  | From tag , 9 December 2015                                 |
  | Try '.help', '.demo', '.license', '.credits', '.quit'/'.q' |
   ------------------------------------------------------------


Processing skim_for_MLevaluation_zllcontrol.cpp("/scratch/mratti/merged_nanoMT2/2016_V08_V00_v2/merged/superMerged_noDupl.root","/work/wjin/featurereduced4/rootfiles_zinvcontrol/2016/data/superMerged_noDupl.root","Events",0)...
loading source file /scratch/mratti/merged_nanoMT2/2016_V08_V00_v2/merged/superMerged_noDupl.root
start creating skimmed file /work/wjin/featurereduced4/rootfiles_zinvcontrol/2016/data/superMerged_noDupl.root
skimmed 0events, get 0events
skimmed 100000events, get 158events
skimmed 200000events, get 347events
skimmed 300000events, get 521events
skimmed 400000events, get 676events
skimmed 500000events, get 831events
skimmed 600000events, get 981events
skimmed 700000events, get 1151events
skimmed 800000events, get 1279events
skimmed 900000events, get 1443events
skimmed 1000000events, get 1604events
skimmed 1100000events, get 2060events
skimmed 1200000events, get 4266events
skimmed 1300000events, get 5601events
skimmed 1400000events, get 6812events
skimmed 1500000events, get 7099events
skimmed 1600000events, get 7117events
skimmed 1700000events, get 7144events
skimmed 1800000events, get 7162events
skimmed 1900000events, get 7185events
skimmed 2000000events, get 7204events
skimmed 2100000events, get 7214events
skimmed 2200000events, get 7229events
skimmed 2300000events, get 7243events
skimmed 2400000events, get 7254events
skimmed 2500000events, get 7267events
skimmed 2600000events, get 7282events
skimmed 2700000events, get 7293events
skimmed 2800000events, get 7299events
skimmed 2900000events, get 7313events
skimmed 3000000events, get 7323events
skimmed 3100000events, get 7338events
skimmed 3200000events, get 7345events
skimmed 3300000events, get 7351events
skimmed 3400000events, get 7359events
skimmed 3500000events, get 7368events
skimmed 3600000events, get 7373events
skimmed 3700000events, get 7377events
skimmed 3800000events, get 7380events
skimmed 3900000events, get 9064events
skimmed 4000000events, get 9109events
skimmed 4100000events, get 9153events
skimmed 4200000events, get 9227events
skimmed 4300000events, get 9280events
skimmed 4400000events, get 9339events
skimmed 4500000events, get 9639events
skimmed 4600000events, get 9929events
skimmed 4700000events, get 10185events
skimmed 4800000events, get 10231events
skimmed 4900000events, get 10232events
skimmed 5000000events, get 10236events
skimmed 5100000events, get 10238events
skimmed 5200000events, get 10241events
skimmed 5300000events, get 10242events
skimmed 5400000events, get 10244events
skimmed 5500000events, get 10445events
skimmed 5600000events, get 10606events
skimmed 5700000events, get 12985events
skimmed 5800000events, get 14863events
skimmed 5900000events, get 15420events
skimmed 6000000events, get 15525events
skimmed 6100000events, get 15621events
skimmed 6200000events, get 15699events
skimmed 6300000events, get 15716events
skimmed 6400000events, get 15736events
skimmed 6500000events, get 15755events
skimmed 6600000events, get 15772events
skimmed 6700000events, get 15784events
skimmed 6800000events, get 15798events
skimmed 6900000events, get 15815events
skimmed 7000000events, get 15837events
skimmed 7100000events, get 15862events
skimmed 7200000events, get 15878events
skimmed 7300000events, get 15934events
skimmed 7400000events, get 16005events
skimmed 7500000events, get 16006events
skimmed 7600000events, get 16008events
skimmed 7700000events, get 16011events
skimmed 7800000events, get 16013events
skimmed 7900000events, get 16014events
skimmed 8000000events, get 16014events
skimmed 8100000events, get 16015events
skimmed 8200000events, get 16015events
skimmed 8300000events, get 16035events
skimmed 8400000events, get 16213events
skimmed 8500000events, get 16377events
skimmed 8600000events, get 16547events
skimmed 8700000events, get 16721events
skimmed 8800000events, get 16915events
skimmed 8900000events, get 17087events
skimmed 9000000events, get 17286events
skimmed 9100000events, get 17461events
skimmed 9200000events, get 17669events
skimmed 9300000events, get 17853events
skimmed 9400000events, get 18054events
skimmed 9500000events, get 18222events
skimmed 9600000events, get 18410events
skimmed 9700000events, get 18575events
skimmed 9800000events, get 18818events
skimmed 9900000events, get 19024events
skimmed 10000000events, get 19209events
skimmed 10100000events, get 19337events
skimmed 10200000events, get 19565events
skimmed 10300000events, get 19810events
skimmed 10400000events, get 20062events
skimmed 10500000events, get 20315events
skimmed 10600000events, get 20536events
skimmed 10700000events, get 20782events
skimmed 10800000events, get 21012events
skimmed 10900000events, get 21047events
skimmed 11000000events, get 21050events
skimmed 11100000events, get 21234events
skimmed 11200000events, get 21445events
skimmed 11300000events, get 21628events
skimmed 11400000events, get 21840events
skimmed 11500000events, get 22286events
skimmed 11600000events, get 22652events
skimmed 11700000events, get 23015events
skimmed 11800000events, get 23338events
skimmed 11900000events, get 23892events
skimmed 12000000events, get 24311events
skimmed 12100000events, get 24314events
skimmed 12200000events, get 24315events
skimmed 12300000events, get 24319events
skimmed 12400000events, get 24324events
skimmed 12500000events, get 24329events
skimmed 12600000events, get 24591events
skimmed 12700000events, get 24820events
skimmed 12800000events, get 25063events
skimmed 12900000events, get 26346events
skimmed 13000000events, get 28113events
skimmed 13100000events, get 29922events
skimmed 13200000events, get 33924events
skimmed 13300000events, get 34075events
skimmed 13400000events, get 34090events
skimmed 13500000events, get 34102events
skimmed 13600000events, get 34116events
skimmed 13700000events, get 34124events
skimmed 13800000events, get 34133events
skimmed 13900000events, get 34149events
skimmed 14000000events, get 34160events
skimmed 14100000events, get 34170events
skimmed 14200000events, get 34189events
skimmed 14300000events, get 34201events
skimmed 14400000events, get 34209events
skimmed 14500000events, get 34224events
skimmed 14600000events, get 34235events
skimmed 14700000events, get 34252events
skimmed 14800000events, get 34266events
skimmed 14900000events, get 34284events
skimmed 15000000events, get 34400events
skimmed 15100000events, get 34446events
skimmed 15200000events, get 34446events
skimmed 15300000events, get 34451events
skimmed 15400000events, get 34453events
skimmed 15500000events, get 34454events
skimmed 15600000events, get 34456events
skimmed 15700000events, get 34459events
skimmed 15800000events, get 34461events
skimmed 15900000events, get 34464events
skimmed 16000000events, get 34464events
skimmed 16100000events, get 34470events
skimmed 16200000events, get 34473events
skimmed 16300000events, get 34481events
skimmed 16400000events, get 34513events
skimmed 16500000events, get 34704events
skimmed 16600000events, get 34900events
skimmed 16700000events, get 35070events
skimmed 16800000events, get 35276events
skimmed 16900000events, get 35486events
skimmed 17000000events, get 35670events
skimmed 17100000events, get 35863events
skimmed 17200000events, get 36065events
skimmed 17300000events, get 36264events
skimmed 17400000events, get 36467events
skimmed 17500000events, get 37495events
skimmed 17600000events, get 39046events
skimmed 17700000events, get 40448events
skimmed 17800000events, get 40792events
skimmed 17900000events, get 41156events
skimmed 18000000events, get 41516events
skimmed 18100000events, get 41865events
skimmed 18200000events, get 42194events
skimmed 18300000events, get 42522events
skimmed 18400000events, get 42841events
skimmed 18500000events, get 43148events
skimmed 18600000events, get 43512events
skimmed 18700000events, get 43864events
skimmed 18800000events, get 44183events
skimmed 18900000events, get 44543events
skimmed 19000000events, get 44856events
skimmed 19100000events, get 45143events
skimmed 19200000events, get 45253events
skimmed 19300000events, get 45308events
skimmed 19400000events, get 45311events
skimmed 19500000events, get 45312events
skimmed 19600000events, get 45316events
skimmed 19700000events, get 45318events
skimmed 19800000events, get 45319events
skimmed 19900000events, get 45322events
skimmed 20000000events, get 45326events
skimmed 20100000events, get 45333events
skimmed 20200000events, get 45343events
skimmed 20300000events, get 45354events
skimmed 20400000events, get 45356events
saved file /work/wjin/featurereduced4/rootfiles_zinvcontrol/2016/data/superMerged_noDupl.root
(int) 1
   ------------------------------------------------------------
  | Welcome to ROOT 6.06/01                http://root.cern.ch |
  |                               (c) 1995-2014, The ROOT Team |
  | Built for linuxx8664gcc                                    |
  | From tag , 9 December 2015                                 |
  | Try '.help', '.demo', '.license', '.credits', '.quit'/'.q' |
   ------------------------------------------------------------


Processing skim_for_MLevaluation_zllcontrol.cpp("/scratch/mratti/merged_nanoMT2/2017_V08_V00_v1/merged/superMerged_noDupl.root","/work/wjin/featurereduced4/rootfiles_zinvcontrol/2017/data/superMerged_noDupl.root","Events",0)...
loading source file /scratch/mratti/merged_nanoMT2/2017_V08_V00_v1/merged/superMerged_noDupl.root
start creating skimmed file /work/wjin/featurereduced4/rootfiles_zinvcontrol/2017/data/superMerged_noDupl.root
skimmed 0events, get 0events
skimmed 100000events, get 339events
skimmed 200000events, get 697events
skimmed 300000events, get 1792events
skimmed 400000events, get 2805events
skimmed 500000events, get 3323events
skimmed 600000events, get 3884events
skimmed 700000events, get 4450events
skimmed 800000events, get 4968events
skimmed 900000events, get 5538events
skimmed 1000000events, get 5601events
skimmed 1100000events, get 5631events
skimmed 1200000events, get 5657events
skimmed 1300000events, get 5683events
skimmed 1400000events, get 5706events
skimmed 1500000events, get 5737events
skimmed 1600000events, get 5774events
skimmed 1700000events, get 5803events
skimmed 1800000events, get 5844events
skimmed 1900000events, get 5887events
skimmed 2000000events, get 5936events
skimmed 2100000events, get 6844events
skimmed 2200000events, get 8687events
skimmed 2300000events, get 10757events
skimmed 2400000events, get 12210events
skimmed 2500000events, get 12331events
skimmed 2600000events, get 12459events
skimmed 2700000events, get 12588events
skimmed 2800000events, get 12739events
skimmed 2900000events, get 12878events
skimmed 3000000events, get 13008events
skimmed 3100000events, get 13158events
skimmed 3200000events, get 13341events
skimmed 3300000events, get 13562events
skimmed 3400000events, get 13741events
skimmed 3500000events, get 13934events
skimmed 3600000events, get 14123events
skimmed 3700000events, get 14318events
skimmed 3800000events, get 14496events
skimmed 3900000events, get 14708events
skimmed 4000000events, get 14933events
skimmed 4100000events, get 15058events
skimmed 4200000events, get 15065events
skimmed 4300000events, get 15071events
skimmed 4400000events, get 15087events
skimmed 4500000events, get 15100events
skimmed 4600000events, get 15110events
skimmed 4700000events, get 15128events
skimmed 4800000events, get 15142events
skimmed 4900000events, get 15419events
skimmed 5000000events, get 16184events
skimmed 5100000events, get 16960events
skimmed 5200000events, get 17612events
skimmed 5300000events, get 17623events
skimmed 5400000events, get 17636events
skimmed 5500000events, get 18180events
skimmed 5600000events, get 20319events
skimmed 5700000events, get 22100events
skimmed 5800000events, get 22620events
skimmed 5900000events, get 22666events
skimmed 6000000events, get 22692events
skimmed 6100000events, get 22703events
skimmed 6200000events, get 22712events
skimmed 6300000events, get 22718events
skimmed 6400000events, get 22728events
skimmed 6500000events, get 22739events
skimmed 6600000events, get 22785events
skimmed 6700000events, get 22857events
skimmed 6800000events, get 22860events
skimmed 6900000events, get 22867events
skimmed 7000000events, get 22871events
skimmed 7100000events, get 23174events
skimmed 7200000events, get 23623events
skimmed 7300000events, get 24070events
skimmed 7400000events, get 24468events
skimmed 7500000events, get 24749events
skimmed 7600000events, get 25218events
skimmed 7700000events, get 25631events
skimmed 7800000events, get 25975events
skimmed 7900000events, get 26379events
skimmed 8000000events, get 26847events
skimmed 8100000events, get 27272events
skimmed 8200000events, get 27709events
skimmed 8300000events, get 28140events
skimmed 8400000events, get 28509events
skimmed 8500000events, get 28937events
skimmed 8600000events, get 29422events
skimmed 8700000events, get 29708events
skimmed 8800000events, get 29848events
skimmed 8900000events, get 29988events
skimmed 9000000events, get 30898events
skimmed 9100000events, get 32105events
skimmed 9200000events, get 33300events
skimmed 9300000events, get 33742events
skimmed 9400000events, get 33764events
skimmed 9500000events, get 33780events
skimmed 9600000events, get 33791events
skimmed 9700000events, get 33791events
skimmed 9800000events, get 33793events
skimmed 9900000events, get 33796events
skimmed 10000000events, get 33798events
skimmed 10100000events, get 33799events
skimmed 10200000events, get 33799events
skimmed 10300000events, get 33804events
skimmed 10400000events, get 33806events
skimmed 10500000events, get 33810events
skimmed 10600000events, get 33814events
skimmed 10700000events, get 33816events
skimmed 10800000events, get 33817events
skimmed 10900000events, get 33818events
skimmed 11000000events, get 33820events
skimmed 11100000events, get 34087events
skimmed 11200000events, get 35089events
skimmed 11300000events, get 35860events
skimmed 11400000events, get 36028events
skimmed 11500000events, get 36214events
skimmed 11600000events, get 36389events
skimmed 11700000events, get 36563events
skimmed 11800000events, get 36757events
skimmed 11900000events, get 36934events
skimmed 12000000events, get 37108events
skimmed 12100000events, get 37306events
skimmed 12200000events, get 37482events
skimmed 12300000events, get 37647events
skimmed 12400000events, get 37829events
skimmed 12500000events, get 38750events
skimmed 12600000events, get 39854events
skimmed 12700000events, get 40878events
skimmed 12800000events, get 41844events
skimmed 12900000events, get 42999events
skimmed 13000000events, get 44088events
skimmed 13100000events, get 44622events
skimmed 13200000events, get 44763events
skimmed 13300000events, get 44906events
skimmed 13400000events, get 45016events
skimmed 13500000events, get 45137events
skimmed 13600000events, get 45288events
skimmed 13700000events, get 45421events
skimmed 13800000events, get 45532events
skimmed 13900000events, get 45655events
skimmed 14000000events, get 45776events
skimmed 14100000events, get 45909events
skimmed 14200000events, get 46062events
skimmed 14300000events, get 46177events
skimmed 14400000events, get 46178events
skimmed 14500000events, get 46185events
skimmed 14600000events, get 46192events
skimmed 14700000events, get 46195events
skimmed 14800000events, get 46198events
skimmed 14900000events, get 46201events
skimmed 15000000events, get 46203events
skimmed 15100000events, get 46212events
skimmed 15200000events, get 46215events
skimmed 15300000events, get 46219events
skimmed 15400000events, get 46228events
skimmed 15500000events, get 46234events
skimmed 15600000events, get 46236events
skimmed 15700000events, get 46242events
skimmed 15800000events, get 46245events
skimmed 15900000events, get 46246events
skimmed 16000000events, get 46247events
skimmed 16100000events, get 46251events
skimmed 16200000events, get 46256events
skimmed 16300000events, get 46259events
skimmed 16400000events, get 46261events
skimmed 16500000events, get 46271events
skimmed 16600000events, get 46275events
skimmed 16700000events, get 46277events
skimmed 16800000events, get 46770events
skimmed 16900000events, get 47346events
skimmed 17000000events, get 47902events
skimmed 17100000events, get 48528events
skimmed 17200000events, get 49036events
skimmed 17300000events, get 49043events
skimmed 17400000events, get 49048events
skimmed 17500000events, get 49063events
skimmed 17600000events, get 49075events
skimmed 17700000events, get 49083events
skimmed 17800000events, get 49083events
skimmed 17900000events, get 49083events
skimmed 18000000events, get 49083events
saved file /work/wjin/featurereduced4/rootfiles_zinvcontrol/2017/data/superMerged_noDupl.root
(int) 1
   ------------------------------------------------------------
  | Welcome to ROOT 6.06/01                http://root.cern.ch |
  |                               (c) 1995-2014, The ROOT Team |
  | Built for linuxx8664gcc                                    |
  | From tag , 9 December 2015                                 |
  | Try '.help', '.demo', '.license', '.credits', '.quit'/'.q' |
   ------------------------------------------------------------


Processing skim_for_MLevaluation_zllcontrol.cpp("/scratch/mratti/merged_nanoMT2/2018_V08_V01_v0/merged/superMerged_noDupl.root","/work/wjin/featurereduced4/rootfiles_zinvcontrol/2018/data/superMerged_noDupl.root","Events",0)...
loading source file /scratch/mratti/merged_nanoMT2/2018_V08_V01_v0/merged/superMerged_noDupl.root
start creating skimmed file /work/wjin/featurereduced4/rootfiles_zinvcontrol/2018/data/superMerged_noDupl.root
skimmed 0events, get 0events
skimmed 100000events, get 692events
skimmed 200000events, get 1375events
skimmed 300000events, get 2031events
skimmed 400000events, get 2664events
skimmed 500000events, get 3354events
skimmed 600000events, get 4094events
skimmed 700000events, get 4833events
skimmed 800000events, get 5544events
skimmed 900000events, get 6224events
skimmed 1000000events, get 6920events
skimmed 1100000events, get 7625events
skimmed 1200000events, get 8385events
skimmed 1300000events, get 9138events
skimmed 1400000events, get 9763events
skimmed 1500000events, get 10137events
skimmed 1600000events, get 10200events
skimmed 1700000events, get 10260events
skimmed 1800000events, get 10567events
skimmed 1900000events, get 10907events
skimmed 2000000events, get 11285events
skimmed 2100000events, get 11772events
skimmed 2200000events, get 12216events
skimmed 2300000events, get 12716events
skimmed 2400000events, get 13259events
skimmed 2500000events, get 13881events
skimmed 2600000events, get 14479events
skimmed 2700000events, get 15050events
skimmed 2800000events, get 15455events
skimmed 2900000events, get 15944events
skimmed 3000000events, get 16238events
skimmed 3100000events, get 16244events
skimmed 3200000events, get 16247events
skimmed 3300000events, get 16250events
skimmed 3400000events, get 16257events
skimmed 3500000events, get 16264events
skimmed 3600000events, get 16267events
skimmed 3700000events, get 16267events
skimmed 3800000events, get 16267events
skimmed 3900000events, get 16268events
skimmed 4000000events, get 16269events
skimmed 4100000events, get 16269events
skimmed 4200000events, get 16270events
skimmed 4300000events, get 16271events
skimmed 4400000events, get 16272events
skimmed 4500000events, get 16273events
skimmed 4600000events, get 16273events
skimmed 4700000events, get 16284events
skimmed 4800000events, get 16307events
skimmed 4900000events, get 16568events
skimmed 5000000events, get 17272events
skimmed 5100000events, get 17986events
skimmed 5200000events, get 18686events
skimmed 5300000events, get 19384events
skimmed 5400000events, get 20131events
skimmed 5500000events, get 20849events
skimmed 5600000events, get 21466events
skimmed 5700000events, get 21550events
skimmed 5800000events, get 22243events
skimmed 5900000events, get 22844events
skimmed 6000000events, get 23319events
skimmed 6100000events, get 23927events
skimmed 6200000events, get 24577events
skimmed 6300000events, get 24586events
skimmed 6400000events, get 24586events
skimmed 6500000events, get 24587events
skimmed 6600000events, get 24589events
skimmed 6700000events, get 24589events
skimmed 6800000events, get 24590events
skimmed 6900000events, get 24592events
skimmed 7000000events, get 24593events
skimmed 7100000events, get 24594events
skimmed 7200000events, get 26037events
skimmed 7300000events, get 28856events
skimmed 7400000events, get 29001events
skimmed 7500000events, get 29155events
skimmed 7600000events, get 29298events
skimmed 7700000events, get 29443events
skimmed 7800000events, get 29588events
skimmed 7900000events, get 29743events
skimmed 8000000events, get 29886events
skimmed 8100000events, get 30048events
skimmed 8200000events, get 30187events
skimmed 8300000events, get 30332events
skimmed 8400000events, get 30479events
skimmed 8500000events, get 30622events
skimmed 8600000events, get 30734events
skimmed 8700000events, get 30799events
skimmed 8800000events, get 30927events
skimmed 8900000events, get 31456events
skimmed 9000000events, get 32052events
skimmed 9100000events, get 32620events
skimmed 9200000events, get 33185events
skimmed 9300000events, get 33822events
skimmed 9400000events, get 34173events
skimmed 9500000events, get 34176events
skimmed 9600000events, get 34179events
skimmed 9700000events, get 34185events
skimmed 9800000events, get 34186events
skimmed 9900000events, get 34193events
skimmed 10000000events, get 34197events
skimmed 10100000events, get 34199events
skimmed 10200000events, get 35280events
skimmed 10300000events, get 36688events
skimmed 10400000events, get 38040events
skimmed 10500000events, get 39434events
skimmed 10600000events, get 40057events
skimmed 10700000events, get 40445events
skimmed 10800000events, get 40844events
skimmed 10900000events, get 41218events
skimmed 11000000events, get 41588events
skimmed 11100000events, get 41993events
skimmed 11200000events, get 42385events
skimmed 11300000events, get 42774events
skimmed 11400000events, get 43158events
skimmed 11500000events, get 43505events
skimmed 11600000events, get 43905events
skimmed 11700000events, get 44279events
skimmed 11800000events, get 44689events
skimmed 11900000events, get 45081events
skimmed 12000000events, get 45492events
skimmed 12100000events, get 45930events
skimmed 12200000events, get 46343events
skimmed 12300000events, get 46752events
skimmed 12400000events, get 47128events
skimmed 12500000events, get 47505events
skimmed 12600000events, get 47934events
skimmed 12700000events, get 48329events
skimmed 12800000events, get 48743events
skimmed 12900000events, get 49157events
skimmed 13000000events, get 49579events
skimmed 13100000events, get 49958events
skimmed 13200000events, get 50338events
skimmed 13300000events, get 50676events
skimmed 13400000events, get 51103events
skimmed 13500000events, get 51466events
skimmed 13600000events, get 51849events
skimmed 13700000events, get 52204events
skimmed 13800000events, get 52573events
skimmed 13900000events, get 52950events
skimmed 14000000events, get 53359events
skimmed 14100000events, get 53723events
skimmed 14200000events, get 54100events
skimmed 14300000events, get 54498events
skimmed 14400000events, get 54872events
skimmed 14500000events, get 55264events
skimmed 14600000events, get 55639events
skimmed 14700000events, get 56042events
skimmed 14800000events, get 56432events
skimmed 14900000events, get 56787events
skimmed 15000000events, get 57154events
skimmed 15100000events, get 57513events
skimmed 15200000events, get 57865events
skimmed 15300000events, get 58195events
skimmed 15400000events, get 58556events
skimmed 15500000events, get 58885events
skimmed 15600000events, get 59267events
skimmed 15700000events, get 59633events
skimmed 15800000events, get 60003events
skimmed 15900000events, get 60366events
skimmed 16000000events, get 60704events
skimmed 16100000events, get 61072events
skimmed 16200000events, get 61470events
skimmed 16300000events, get 61842events
skimmed 16400000events, get 62162events
skimmed 16500000events, get 62520events
skimmed 16600000events, get 62600events
skimmed 16700000events, get 62641events
skimmed 16800000events, get 62684events
skimmed 16900000events, get 62724events
skimmed 17000000events, get 62745events
skimmed 17100000events, get 62776events
skimmed 17200000events, get 62805events
skimmed 17300000events, get 62837events
skimmed 17400000events, get 62871events
skimmed 17500000events, get 62920events
skimmed 17600000events, get 62960events
skimmed 17700000events, get 63301events
skimmed 17800000events, get 63917events
skimmed 17900000events, get 64525events
skimmed 18000000events, get 65126events
skimmed 18100000events, get 65703events
skimmed 18200000events, get 66315events
skimmed 18300000events, get 66806events
skimmed 18400000events, get 67329events
skimmed 18500000events, get 67902events
skimmed 18600000events, get 68509events
skimmed 18700000events, get 69116events
skimmed 18800000events, get 69723events
skimmed 18900000events, get 70274events
skimmed 19000000events, get 70811events
skimmed 19100000events, get 71337events
skimmed 19200000events, get 71875events
skimmed 19300000events, get 72376events
skimmed 19400000events, get 72924events
skimmed 19500000events, get 73532events
skimmed 19600000events, get 74051events
skimmed 19700000events, get 74620events
skimmed 19800000events, get 75183events
skimmed 19900000events, get 75740events
skimmed 20000000events, get 76281events
skimmed 20100000events, get 76893events
skimmed 20200000events, get 77548events
skimmed 20300000events, get 77772events
skimmed 20400000events, get 77772events
skimmed 20500000events, get 77772events
skimmed 20600000events, get 77774events
skimmed 20700000events, get 77774events
skimmed 20800000events, get 77779events
skimmed 20900000events, get 77782events
skimmed 21000000events, get 77782events
skimmed 21100000events, get 77784events
skimmed 21200000events, get 77787events
skimmed 21300000events, get 77791events
skimmed 21400000events, get 77798events
skimmed 21500000events, get 77801events
skimmed 21600000events, get 77804events
skimmed 21700000events, get 77807events
skimmed 21800000events, get 77816events
skimmed 21900000events, get 77822events
skimmed 22000000events, get 77826events
skimmed 22100000events, get 77826events
skimmed 22200000events, get 77831events
skimmed 22300000events, get 77834events
skimmed 22400000events, get 77836events
skimmed 22500000events, get 77843events
skimmed 22600000events, get 77849events
skimmed 22700000events, get 77857events
skimmed 22800000events, get 77862events
skimmed 22900000events, get 77869events
skimmed 23000000events, get 77875events
skimmed 23100000events, get 77877events
skimmed 23200000events, get 77880events
skimmed 23300000events, get 77890events
skimmed 23400000events, get 77898events
skimmed 23500000events, get 77899events
skimmed 23600000events, get 77905events
skimmed 23700000events, get 77908events
skimmed 23800000events, get 77917events
saved file /work/wjin/featurereduced4/rootfiles_zinvcontrol/2018/data/superMerged_noDupl.root
(int) 1
   ------------------------------------------------------------
  | Welcome to ROOT 6.06/01                http://root.cern.ch |
  |                               (c) 1995-2014, The ROOT Team |
  | Built for linuxx8664gcc                                    |
  | From tag , 9 December 2015                                 |
  | Try '.help', '.demo', '.license', '.credits', '.quit'/'.q' |
   ------------------------------------------------------------


Processing skim_for_MLevaluation_llepcontrol.cpp("/scratch/mratti/merged_nanoMT2/2016_V08_V00_v2/merged/superMerged_noDupl.root","/work/wjin/featurereduced4/rootfiles_llcontrol/2016/data/superMerged_noDupl.root","Events",0)...
loading source file /scratch/mratti/merged_nanoMT2/2016_V08_V00_v2/merged/superMerged_noDupl.root
start creating skimmed file /work/wjin/featurereduced4/rootfiles_llcontrol/2016/data/superMerged_noDupl.root
skimmed 0events, get 0events
skimmed 100000events, get 1154events
skimmed 200000events, get 2329events
skimmed 300000events, get 3416events
skimmed 400000events, get 4623events
skimmed 500000events, get 5808events
skimmed 600000events, get 7029events
skimmed 700000events, get 8332events
skimmed 800000events, get 9531events
skimmed 900000events, get 10819events
skimmed 1000000events, get 12024events
skimmed 1100000events, get 12798events
skimmed 1200000events, get 12925events
skimmed 1300000events, get 12963events
skimmed 1400000events, get 12991events
skimmed 1500000events, get 12999events
skimmed 1600000events, get 13012events
skimmed 1700000events, get 13024events
skimmed 1800000events, get 13048events
skimmed 1900000events, get 13060events
skimmed 2000000events, get 13067events
skimmed 2100000events, get 13196events
skimmed 2200000events, get 13367events
skimmed 2300000events, get 13558events
skimmed 2400000events, get 13727events
skimmed 2500000events, get 13882events
skimmed 2600000events, get 14070events
skimmed 2700000events, get 14248events
skimmed 2800000events, get 14420events
skimmed 2900000events, get 14595events
skimmed 3000000events, get 14779events
skimmed 3100000events, get 14954events
skimmed 3200000events, get 15111events
skimmed 3300000events, get 15279events
skimmed 3400000events, get 15459events
skimmed 3500000events, get 15588events
skimmed 3600000events, get 15596events
skimmed 3700000events, get 15602events
skimmed 3800000events, get 15627events
skimmed 3900000events, get 16454events
skimmed 4000000events, get 17390events
skimmed 4100000events, get 18343events
skimmed 4200000events, get 19341events
skimmed 4300000events, get 20251events
skimmed 4400000events, get 21175events
skimmed 4500000events, get 21217events
skimmed 4600000events, get 21224events
skimmed 4700000events, get 21318events
skimmed 4800000events, get 21548events
skimmed 4900000events, get 21688events
skimmed 5000000events, get 21839events
skimmed 5100000events, get 21957events
skimmed 5200000events, get 22097events
skimmed 5300000events, get 22225events
skimmed 5400000events, get 22373events
skimmed 5500000events, get 22397events
skimmed 5600000events, get 22401events
skimmed 5700000events, get 22972events
skimmed 5800000events, get 23330events
skimmed 5900000events, get 24016events
skimmed 6000000events, get 24853events
skimmed 6100000events, get 25662events
skimmed 6200000events, get 26272events
skimmed 6300000events, get 27081events
skimmed 6400000events, get 27907events
skimmed 6500000events, get 28767events
skimmed 6600000events, get 29616events
skimmed 6700000events, get 30422events
skimmed 6800000events, get 31324events
skimmed 6900000events, get 31645events
skimmed 7000000events, get 31654events
skimmed 7100000events, get 31658events
skimmed 7200000events, get 31664events
skimmed 7300000events, get 31868events
skimmed 7400000events, get 32117events
skimmed 7500000events, get 32238events
skimmed 7600000events, get 32375events
skimmed 7700000events, get 32531events
skimmed 7800000events, get 32690events
skimmed 7900000events, get 32819events
skimmed 8000000events, get 32962events
skimmed 8100000events, get 33079events
skimmed 8200000events, get 33221events
skimmed 8300000events, get 33473events
skimmed 8400000events, get 34687events
skimmed 8500000events, get 36046events
skimmed 8600000events, get 37266events
skimmed 8700000events, get 38533events
skimmed 8800000events, get 39772events
skimmed 8900000events, get 41060events
skimmed 9000000events, get 42078events
skimmed 9100000events, get 42283events
skimmed 9200000events, get 42481events
skimmed 9300000events, get 42653events
skimmed 9400000events, get 42837events
skimmed 9500000events, get 43017events
skimmed 9600000events, get 43218events
skimmed 9700000events, get 43393events
skimmed 9800000events, get 43602events
skimmed 9900000events, get 43816events
skimmed 10000000events, get 43973events
skimmed 10100000events, get 44017events
skimmed 10200000events, get 44019events
skimmed 10300000events, get 44022events
skimmed 10400000events, get 44022events
skimmed 10500000events, get 44024events
skimmed 10600000events, get 44028events
skimmed 10700000events, get 44034events
skimmed 10800000events, get 44043events
skimmed 10900000events, get 44046events
skimmed 11000000events, get 44074events
skimmed 11100000events, get 45596events
skimmed 11200000events, get 47193events
skimmed 11300000events, get 48777events
skimmed 11400000events, get 50313events
skimmed 11500000events, get 50773events
skimmed 11600000events, get 50783events
skimmed 11700000events, get 50786events
skimmed 11800000events, get 50795events
skimmed 11900000events, get 50971events
skimmed 12000000events, get 51223events
skimmed 12100000events, get 51391events
skimmed 12200000events, get 51591events
skimmed 12300000events, get 51770events
skimmed 12400000events, get 51987events
skimmed 12500000events, get 52191events
skimmed 12600000events, get 52228events
skimmed 12700000events, get 52237events
skimmed 12800000events, get 52475events
skimmed 12900000events, get 53518events
skimmed 13000000events, get 53876events
skimmed 13100000events, get 54208events
skimmed 13200000events, get 55020events
skimmed 13300000events, get 56501events
skimmed 13400000events, get 58088events
skimmed 13500000events, get 59621events
skimmed 13600000events, get 61165events
skimmed 13700000events, get 62604events
skimmed 13800000events, get 64110events
skimmed 13900000events, get 65628events
skimmed 14000000events, get 67113events
skimmed 14100000events, get 68501events
skimmed 14200000events, get 68507events
skimmed 14300000events, get 68514events
skimmed 14400000events, get 68523events
skimmed 14500000events, get 68532events
skimmed 14600000events, get 68542events
skimmed 14700000events, get 68546events
skimmed 14800000events, get 68554events
skimmed 14900000events, get 68564events
skimmed 15000000events, get 69057events
skimmed 15100000events, get 69375events
skimmed 15200000events, get 69586events
skimmed 15300000events, get 69812events
skimmed 15400000events, get 70043events
skimmed 15500000events, get 70248events
skimmed 15600000events, get 70466events
skimmed 15700000events, get 70683events
skimmed 15800000events, get 70878events
skimmed 15900000events, get 71079events
skimmed 16000000events, get 71267events
skimmed 16100000events, get 71443events
skimmed 16200000events, get 71550events
skimmed 16300000events, get 71560events
skimmed 16400000events, get 71782events
skimmed 16500000events, get 73485events
skimmed 16600000events, get 75081events
skimmed 16700000events, get 76820events
skimmed 16800000events, get 78636events
skimmed 16900000events, get 80284events
skimmed 17000000events, get 81936events
skimmed 17100000events, get 83632events
skimmed 17200000events, get 85399events
skimmed 17300000events, get 87005events
skimmed 17400000events, get 88704events
skimmed 17500000events, get 89304events
skimmed 17600000events, get 89325events
skimmed 17700000events, get 89413events
skimmed 17800000events, get 89695events
skimmed 17900000events, get 89978events
skimmed 18000000events, get 90263events
skimmed 18100000events, get 90545events
skimmed 18200000events, get 90803events
skimmed 18300000events, get 91068events
skimmed 18400000events, get 91323events
skimmed 18500000events, get 91608events
skimmed 18600000events, get 91902events
skimmed 18700000events, get 92178events
skimmed 18800000events, get 92476events
skimmed 18900000events, get 92767events
skimmed 19000000events, get 93032events
skimmed 19100000events, get 93249events
skimmed 19200000events, get 93288events
skimmed 19300000events, get 93302events
skimmed 19400000events, get 93303events
skimmed 19500000events, get 93304events
skimmed 19600000events, get 93307events
skimmed 19700000events, get 93308events
skimmed 19800000events, get 93310events
skimmed 19900000events, get 93312events
skimmed 20000000events, get 93312events
skimmed 20100000events, get 93313events
skimmed 20200000events, get 93323events
skimmed 20300000events, get 93329events
skimmed 20400000events, get 93351events
saved file /work/wjin/featurereduced4/rootfiles_llcontrol/2016/data/superMerged_noDupl.root
(int) 1
   ------------------------------------------------------------
  | Welcome to ROOT 6.06/01                http://root.cern.ch |
  |                               (c) 1995-2014, The ROOT Team |
  | Built for linuxx8664gcc                                    |
  | From tag , 9 December 2015                                 |
  | Try '.help', '.demo', '.license', '.credits', '.quit'/'.q' |
   ------------------------------------------------------------


Processing skim_for_MLevaluation_llepcontrol.cpp("/scratch/mratti/merged_nanoMT2/2017_V08_V00_v1/merged/superMerged_noDupl.root","/work/wjin/featurereduced4/rootfiles_llcontrol/2017/data/superMerged_noDupl.root","Events",0)...
loading source file /scratch/mratti/merged_nanoMT2/2017_V08_V00_v1/merged/superMerged_noDupl.root
start creating skimmed file /work/wjin/featurereduced4/rootfiles_llcontrol/2017/data/superMerged_noDupl.root
skimmed 0events, get 0events
skimmed 100000events, get 1206events
skimmed 200000events, get 2375events
skimmed 300000events, get 3172events
skimmed 400000events, get 4163events
skimmed 500000events, get 5518events
skimmed 600000events, get 6895events
skimmed 700000events, get 8295events
skimmed 800000events, get 9619events
skimmed 900000events, get 11019events
skimmed 1000000events, get 11149events
skimmed 1100000events, get 11157events
skimmed 1200000events, get 11162events
skimmed 1300000events, get 11167events
skimmed 1400000events, get 11170events
skimmed 1500000events, get 11190events
skimmed 1600000events, get 11227events
skimmed 1700000events, get 11250events
skimmed 1800000events, get 11250events
skimmed 1900000events, get 11253events
skimmed 2000000events, get 11255events
skimmed 2100000events, get 11719events
skimmed 2200000events, get 12221events
skimmed 2300000events, get 12593events
skimmed 2400000events, get 13353events
skimmed 2500000events, get 14879events
skimmed 2600000events, get 16394events
skimmed 2700000events, get 17837events
skimmed 2800000events, get 19358events
skimmed 2900000events, get 20890events
skimmed 3000000events, get 22376events
skimmed 3100000events, get 22794events
skimmed 3200000events, get 22861events
skimmed 3300000events, get 22933events
skimmed 3400000events, get 22995events
skimmed 3500000events, get 23065events
skimmed 3600000events, get 23133events
skimmed 3700000events, get 23198events
skimmed 3800000events, get 23283events
skimmed 3900000events, get 24184events
skimmed 4000000events, get 25150events
skimmed 4100000events, get 26117events
skimmed 4200000events, get 27106events
skimmed 4300000events, get 28168events
skimmed 4400000events, get 29223events
skimmed 4500000events, get 30214events
skimmed 4600000events, get 31150events
skimmed 4700000events, get 32165events
skimmed 4800000events, get 33179events
skimmed 4900000events, get 33910events
skimmed 5000000events, get 33919events
skimmed 5100000events, get 33928events
skimmed 5200000events, get 33938events
skimmed 5300000events, get 33938events
skimmed 5400000events, get 33939events
skimmed 5500000events, get 34029events
skimmed 5600000events, get 34467events
skimmed 5700000events, get 35965events
skimmed 5800000events, get 36434events
skimmed 5900000events, get 36670events
skimmed 6000000events, get 37732events
skimmed 6100000events, get 38813events
skimmed 6200000events, get 39658events
skimmed 6300000events, get 39721events
skimmed 6400000events, get 39784events
skimmed 6500000events, get 39867events
skimmed 6600000events, get 40301events
skimmed 6700000events, get 41278events
skimmed 6800000events, get 42078events
skimmed 6900000events, get 42881events
skimmed 7000000events, get 43704events
skimmed 7100000events, get 44882events
skimmed 7200000events, get 46257events
skimmed 7300000events, get 47729events
skimmed 7400000events, get 48914events
skimmed 7500000events, get 49904events
skimmed 7600000events, get 51270events
skimmed 7700000events, get 52743events
skimmed 7800000events, get 53935events
skimmed 7900000events, get 55211events
skimmed 8000000events, get 56607events
skimmed 8100000events, get 58008events
skimmed 8200000events, get 59431events
skimmed 8300000events, get 60827events
skimmed 8400000events, get 61948events
skimmed 8500000events, get 63379events
skimmed 8600000events, get 64780events
skimmed 8700000events, get 65662events
skimmed 8800000events, get 65669events
skimmed 8900000events, get 65673events
skimmed 9000000events, get 65679events
skimmed 9100000events, get 65688events
skimmed 9200000events, get 65706events
skimmed 9300000events, get 65723events
skimmed 9400000events, get 65756events
skimmed 9500000events, get 65790events
skimmed 9600000events, get 65804events
skimmed 9700000events, get 65805events
skimmed 9800000events, get 65805events
skimmed 9900000events, get 65805events
skimmed 10000000events, get 65806events
skimmed 10100000events, get 65806events
skimmed 10200000events, get 65806events
skimmed 10300000events, get 65806events
skimmed 10400000events, get 65806events
skimmed 10500000events, get 65807events
skimmed 10600000events, get 65811events
skimmed 10700000events, get 65813events
skimmed 10800000events, get 65829events
skimmed 10900000events, get 65853events
skimmed 11000000events, get 65873events
skimmed 11100000events, get 66058events
skimmed 11200000events, get 66610events
skimmed 11300000events, get 67298events
skimmed 11400000events, get 68423events
skimmed 11500000events, get 69529events
skimmed 11600000events, get 70657events
skimmed 11700000events, get 71767events
skimmed 11800000events, get 72862events
skimmed 11900000events, get 73962events
skimmed 12000000events, get 75150events
skimmed 12100000events, get 76332events
skimmed 12200000events, get 77504events
skimmed 12300000events, get 78641events
skimmed 12400000events, get 79811events
skimmed 12500000events, get 80622events
skimmed 12600000events, get 81286events
skimmed 12700000events, get 81900events
skimmed 12800000events, get 82572events
skimmed 12900000events, get 83263events
skimmed 13000000events, get 83943events
skimmed 13100000events, get 84274events
skimmed 13200000events, get 84307events
skimmed 13300000events, get 84349events
skimmed 13400000events, get 84396events
skimmed 13500000events, get 84455events
skimmed 13600000events, get 84506events
skimmed 13700000events, get 84560events
skimmed 13800000events, get 84596events
skimmed 13900000events, get 84655events
skimmed 14000000events, get 84711events
skimmed 14100000events, get 84755events
skimmed 14200000events, get 84807events
skimmed 14300000events, get 84982events
skimmed 14400000events, get 85487events
skimmed 14500000events, get 86048events
skimmed 14600000events, get 86540events
skimmed 14700000events, get 86952events
skimmed 14800000events, get 87425events
skimmed 14900000events, get 87910events
skimmed 15000000events, get 88309events
skimmed 15100000events, get 88778events
skimmed 15200000events, get 89284events
skimmed 15300000events, get 89811events
skimmed 15400000events, get 90303events
skimmed 15500000events, get 90792events
skimmed 15600000events, get 91261events
skimmed 15700000events, get 91731events
skimmed 15800000events, get 92139events
skimmed 15900000events, get 92565events
skimmed 16000000events, get 92983events
skimmed 16100000events, get 93546events
skimmed 16200000events, get 94055events
skimmed 16300000events, get 94535events
skimmed 16400000events, get 95021events
skimmed 16500000events, get 95543events
skimmed 16600000events, get 95966events
skimmed 16700000events, get 96479events
skimmed 16800000events, get 96524events
skimmed 16900000events, get 96540events
skimmed 17000000events, get 96556events
skimmed 17100000events, get 96578events
skimmed 17200000events, get 96594events
skimmed 17300000events, get 96595events
skimmed 17400000events, get 96596events
skimmed 17500000events, get 96599events
skimmed 17600000events, get 96601events
skimmed 17700000events, get 96602events
skimmed 17800000events, get 96636events
skimmed 17900000events, get 96655events
skimmed 18000000events, get 96684events
saved file /work/wjin/featurereduced4/rootfiles_llcontrol/2017/data/superMerged_noDupl.root
(int) 1
   ------------------------------------------------------------
  | Welcome to ROOT 6.06/01                http://root.cern.ch |
  |                               (c) 1995-2014, The ROOT Team |
  | Built for linuxx8664gcc                                    |
  | From tag , 9 December 2015                                 |
  | Try '.help', '.demo', '.license', '.credits', '.quit'/'.q' |
   ------------------------------------------------------------


Processing skim_for_MLevaluation_llepcontrol.cpp("/scratch/mratti/merged_nanoMT2/2018_V08_V01_v0/merged/superMerged_noDupl.root","/work/wjin/featurereduced4/rootfiles_llcontrol/2018/data/superMerged_noDupl.root","Events",0)...
loading source file /scratch/mratti/merged_nanoMT2/2018_V08_V01_v0/merged/superMerged_noDupl.root
start creating skimmed file /work/wjin/featurereduced4/rootfiles_llcontrol/2018/data/superMerged_noDupl.root
skimmed 0events, get 0events
skimmed 100000events, get 2146events
skimmed 200000events, get 4255events
skimmed 300000events, get 6341events
skimmed 400000events, get 8467events
skimmed 500000events, get 10636events
skimmed 600000events, get 12883events
skimmed 700000events, get 15206events
skimmed 800000events, get 17509events
skimmed 900000events, get 19612events
skimmed 1000000events, get 21753events
skimmed 1100000events, get 23964events
skimmed 1200000events, get 26241events
skimmed 1300000events, get 28578events
skimmed 1400000events, get 30523events
skimmed 1500000events, get 31723events
skimmed 1600000events, get 31767events
skimmed 1700000events, get 31802events
skimmed 1800000events, get 31818events
skimmed 1900000events, get 31826events
skimmed 2000000events, get 31829events
skimmed 2100000events, get 31833events
skimmed 2200000events, get 31844events
skimmed 2300000events, get 31855events
skimmed 2400000events, get 31860events
skimmed 2500000events, get 31867events
skimmed 2600000events, get 31874events
skimmed 2700000events, get 31879events
skimmed 2800000events, get 31890events
skimmed 2900000events, get 31900events
skimmed 3000000events, get 31913events
skimmed 3100000events, get 31937events
skimmed 3200000events, get 31971events
skimmed 3300000events, get 31995events
skimmed 3400000events, get 32029events
skimmed 3500000events, get 32046events
skimmed 3600000events, get 32046events
skimmed 3700000events, get 32049events
skimmed 3800000events, get 32051events
skimmed 3900000events, get 32052events
skimmed 4000000events, get 32056events
skimmed 4100000events, get 32057events
skimmed 4200000events, get 32057events
skimmed 4300000events, get 32057events
skimmed 4400000events, get 32057events
skimmed 4500000events, get 32060events
skimmed 4600000events, get 32061events
skimmed 4700000events, get 32065events
skimmed 4800000events, get 32066events
skimmed 4900000events, get 32967events
skimmed 5000000events, get 35116events
skimmed 5100000events, get 37253events
skimmed 5200000events, get 39439events
skimmed 5300000events, get 41650events
skimmed 5400000events, get 43932events
skimmed 5500000events, get 46057events
skimmed 5600000events, get 47952events
skimmed 5700000events, get 47988events
skimmed 5800000events, get 47994events
skimmed 5900000events, get 48001events
skimmed 6000000events, get 48009events
skimmed 6100000events, get 48021events
skimmed 6200000events, get 48028events
skimmed 6300000events, get 48033events
skimmed 6400000events, get 48035events
skimmed 6500000events, get 48036events
skimmed 6600000events, get 48036events
skimmed 6700000events, get 48036events
skimmed 6800000events, get 48036events
skimmed 6900000events, get 48037events
skimmed 7000000events, get 48049events
skimmed 7100000events, get 48067events
skimmed 7200000events, get 48336events
skimmed 7300000events, get 48848events
skimmed 7400000events, get 50056events
skimmed 7500000events, get 51307events
skimmed 7600000events, get 52573events
skimmed 7700000events, get 53797events
skimmed 7800000events, get 55036events
skimmed 7900000events, get 56327events
skimmed 8000000events, get 57521events
skimmed 8100000events, get 58747events
skimmed 8200000events, get 59920events
skimmed 8300000events, get 61135events
skimmed 8400000events, get 62429events
skimmed 8500000events, get 63679events
skimmed 8600000events, get 64087events
skimmed 8700000events, get 64110events
skimmed 8800000events, get 64116events
skimmed 8900000events, get 64124events
skimmed 9000000events, get 64127events
skimmed 9100000events, get 64133events
skimmed 9200000events, get 64141events
skimmed 9300000events, get 64146events
skimmed 9400000events, get 64153events
skimmed 9500000events, get 64155events
skimmed 9600000events, get 64159events
skimmed 9700000events, get 64160events
skimmed 9800000events, get 64160events
skimmed 9900000events, get 64163events
skimmed 10000000events, get 64165events
skimmed 10100000events, get 64170events
skimmed 10200000events, get 64790events
skimmed 10300000events, get 65504events
skimmed 10400000events, get 66261events
skimmed 10500000events, get 67025events
skimmed 10600000events, get 68175events
skimmed 10700000events, get 69391events
skimmed 10800000events, get 70593events
skimmed 10900000events, get 71735events
skimmed 11000000events, get 72952events
skimmed 11100000events, get 74164events
skimmed 11200000events, get 75357events
skimmed 11300000events, get 76600events
skimmed 11400000events, get 77686events
skimmed 11500000events, get 78860events
skimmed 11600000events, get 80086events
skimmed 11700000events, get 81315events
skimmed 11800000events, get 82443events
skimmed 11900000events, get 83658events
skimmed 12000000events, get 84850events
skimmed 12100000events, get 86141events
skimmed 12200000events, get 87412events
skimmed 12300000events, get 88609events
skimmed 12400000events, get 89792events
skimmed 12500000events, get 90842events
skimmed 12600000events, get 92051events
skimmed 12700000events, get 93336events
skimmed 12800000events, get 94516events
skimmed 12900000events, get 95688events
skimmed 13000000events, get 96885events
skimmed 13100000events, get 98018events
skimmed 13200000events, get 99215events
skimmed 13300000events, get 100262events
skimmed 13400000events, get 101461events
skimmed 13500000events, get 102677events
skimmed 13600000events, get 103860events
skimmed 13700000events, get 104938events
skimmed 13800000events, get 106119events
skimmed 13900000events, get 107250events
skimmed 14000000events, get 108497events
skimmed 14100000events, get 109512events
skimmed 14200000events, get 110648events
skimmed 14300000events, get 111757events
skimmed 14400000events, get 112883events
skimmed 14500000events, get 114073events
skimmed 14600000events, get 115068events
skimmed 14700000events, get 116234events
skimmed 14800000events, get 117281events
skimmed 14900000events, get 118357events
skimmed 15000000events, get 119543events
skimmed 15100000events, get 120665events
skimmed 15200000events, get 121784events
skimmed 15300000events, get 122774events
skimmed 15400000events, get 123837events
skimmed 15500000events, get 124910events
skimmed 15600000events, get 126077events
skimmed 15700000events, get 127191events
skimmed 15800000events, get 128361events
skimmed 15900000events, get 129451events
skimmed 16000000events, get 130583events
skimmed 16100000events, get 131684events
skimmed 16200000events, get 132930events
skimmed 16300000events, get 134009events
skimmed 16400000events, get 135036events
skimmed 16500000events, get 136126events
skimmed 16600000events, get 136219events
skimmed 16700000events, get 136240events
skimmed 16800000events, get 136267events
skimmed 16900000events, get 136295events
skimmed 17000000events, get 136320events
skimmed 17100000events, get 136351events
skimmed 17200000events, get 136387events
skimmed 17300000events, get 136406events
skimmed 17400000events, get 136432events
skimmed 17500000events, get 136467events
skimmed 17600000events, get 136493events
skimmed 17700000events, get 136504events
skimmed 17800000events, get 136507events
skimmed 17900000events, get 136518events
skimmed 18000000events, get 136522events
skimmed 18100000events, get 136525events
skimmed 18200000events, get 136536events
skimmed 18300000events, get 136537events
skimmed 18400000events, get 136546events
skimmed 18500000events, get 136552events
skimmed 18600000events, get 136562events
skimmed 18700000events, get 136565events
skimmed 18800000events, get 136572events
skimmed 18900000events, get 136581events
skimmed 19000000events, get 136588events
skimmed 19100000events, get 136594events
skimmed 19200000events, get 136602events
skimmed 19300000events, get 136611events
skimmed 19400000events, get 136619events
skimmed 19500000events, get 136622events
skimmed 19600000events, get 136630events
skimmed 19700000events, get 136640events
skimmed 19800000events, get 136647events
skimmed 19900000events, get 136655events
skimmed 20000000events, get 136660events
skimmed 20100000events, get 136674events
skimmed 20200000events, get 136678events
skimmed 20300000events, get 136704events
skimmed 20400000events, get 136734events
skimmed 20500000events, get 136760events
skimmed 20600000events, get 136788events
skimmed 20700000events, get 136816events
skimmed 20800000events, get 136817events
skimmed 20900000events, get 136818events
skimmed 21000000events, get 136819events
skimmed 21100000events, get 136823events
skimmed 21200000events, get 136823events
skimmed 21300000events, get 136823events
skimmed 21400000events, get 136825events
skimmed 21500000events, get 136826events
skimmed 21600000events, get 136827events
skimmed 21700000events, get 136827events
skimmed 21800000events, get 136828events
skimmed 21900000events, get 136829events
skimmed 22000000events, get 136829events
skimmed 22100000events, get 136829events
skimmed 22200000events, get 136829events
skimmed 22300000events, get 136831events
skimmed 22400000events, get 136832events
skimmed 22500000events, get 136834events
skimmed 22600000events, get 136836events
skimmed 22700000events, get 136837events
skimmed 22800000events, get 136843events
skimmed 22900000events, get 136844events
skimmed 23000000events, get 136844events
skimmed 23100000events, get 136844events
skimmed 23200000events, get 136847events
skimmed 23300000events, get 136848events
skimmed 23400000events, get 136849events
skimmed 23500000events, get 136849events
skimmed 23600000events, get 136849events
skimmed 23700000events, get 136851events
skimmed 23800000events, get 136851events
saved file /work/wjin/featurereduced4/rootfiles_llcontrol/2018/data/superMerged_noDupl.root
(int) 1
   ------------------------------------------------------------
  | Welcome to ROOT 6.06/01                http://root.cern.ch |
  |                               (c) 1995-2014, The ROOT Team |
  | Built for linuxx8664gcc                                    |
  | From tag , 9 December 2015                                 |
  | Try '.help', '.demo', '.license', '.credits', '.quit'/'.q' |
   ------------------------------------------------------------


Processing skim_for_MLevaluation_signalregion.cpp("/scratch/mratti/merged_nanoMT2/2016_V08_V00_v2/merged/superMerged_noDupl.root","/work/wjin/featurereduced4/rootfiles/2016/data/superMerged_noDupl.root","Events",0)...
loading source file /scratch/mratti/merged_nanoMT2/2016_V08_V00_v2/merged/superMerged_noDupl.root
start creating skimmed file /work/wjin/featurereduced4/rootfiles/2016/data/superMerged_noDupl.root
skimmed 0events, get 0events
skimmed 100000events, get 12100events
skimmed 200000events, get 23930events
skimmed 300000events, get 35896events
skimmed 400000events, get 47427events
skimmed 500000events, get 59045events
skimmed 600000events, get 70663events
skimmed 700000events, get 81844events
skimmed 800000events, get 93542events
skimmed 900000events, get 104901events
skimmed 1000000events, get 116599events
skimmed 1100000events, get 123929events
skimmed 1200000events, get 125081events
skimmed 1300000events, get 126750events
skimmed 1400000events, get 128465events
skimmed 1500000events, get 133187events
skimmed 1600000events, get 138648events
skimmed 1700000events, get 144020events
skimmed 1800000events, get 149483events
skimmed 1900000events, get 155206events
skimmed 2000000events, get 160826events
skimmed 2100000events, get 170949events
skimmed 2200000events, get 183091events
skimmed 2300000events, get 194686events
skimmed 2400000events, get 206516events
skimmed 2500000events, get 219230events
skimmed 2600000events, get 231556events
skimmed 2700000events, get 243547events
skimmed 2800000events, get 256725events
skimmed 2900000events, get 268280events
skimmed 3000000events, get 280179events
skimmed 3100000events, get 293594events
skimmed 3200000events, get 306875events
skimmed 3300000events, get 319103events
skimmed 3400000events, get 331339events
skimmed 3500000events, get 340018events
skimmed 3600000events, get 340069events
skimmed 3700000events, get 340123events
skimmed 3800000events, get 340822events
skimmed 3900000events, get 342300events
skimmed 4000000events, get 353516events
skimmed 4100000events, get 364121events
skimmed 4200000events, get 374611events
skimmed 4300000events, get 385894events
skimmed 4400000events, get 396544events
skimmed 4500000events, get 402839events
skimmed 4600000events, get 408954events
skimmed 4700000events, get 413803events
skimmed 4800000events, get 420813events
skimmed 4900000events, get 431015events
skimmed 5000000events, get 440994events
skimmed 5100000events, get 451842events
skimmed 5200000events, get 462241events
skimmed 5300000events, get 473570events
skimmed 5400000events, get 484011events
skimmed 5500000events, get 485302events
skimmed 5600000events, get 485371events
skimmed 5700000events, get 486610events
skimmed 5800000events, get 490128events
skimmed 5900000events, get 491776events
skimmed 6000000events, get 492687events
skimmed 6100000events, get 493586events
skimmed 6200000events, get 498951events
skimmed 6300000events, get 510160events
skimmed 6400000events, get 521502events
skimmed 6500000events, get 533201events
skimmed 6600000events, get 544763events
skimmed 6700000events, get 556233events
skimmed 6800000events, get 567305events
skimmed 6900000events, get 574861events
skimmed 7000000events, get 580301events
skimmed 7100000events, get 585850events
skimmed 7200000events, get 591319events
skimmed 7300000events, get 594715events
skimmed 7400000events, get 599684events
skimmed 7500000events, get 608231events
skimmed 7600000events, get 615565events
skimmed 7700000events, get 623877events
skimmed 7800000events, get 632588events
skimmed 7900000events, get 641090events
skimmed 8000000events, get 649761events
skimmed 8100000events, get 658350events
skimmed 8200000events, get 666319events
skimmed 8300000events, get 674172events
skimmed 8400000events, get 685578events
skimmed 8500000events, get 696627events
skimmed 8600000events, get 707877events
skimmed 8700000events, get 719154events
skimmed 8800000events, get 730399events
skimmed 8900000events, get 741625events
skimmed 9000000events, get 752003events
skimmed 9100000events, get 759635events
skimmed 9200000events, get 766976events
skimmed 9300000events, get 774898events
skimmed 9400000events, get 782217events
skimmed 9500000events, get 790429events
skimmed 9600000events, get 798302events
skimmed 9700000events, get 806393events
skimmed 9800000events, get 812874events
skimmed 9900000events, get 820228events
skimmed 10000000events, get 825639events
skimmed 10100000events, get 827240events
skimmed 10200000events, get 832743events
skimmed 10300000events, get 838389events
skimmed 10400000events, get 843793events
skimmed 10500000events, get 849195events
skimmed 10600000events, get 852559events
skimmed 10700000events, get 852625events
skimmed 10800000events, get 852697events
skimmed 10900000events, get 852774events
skimmed 11000000events, get 853392events
skimmed 11100000events, get 864728events
skimmed 11200000events, get 877551events
skimmed 11300000events, get 890666events
skimmed 11400000events, get 903740events
skimmed 11500000events, get 908527events
skimmed 11600000events, get 914298events
skimmed 11700000events, get 920184events
skimmed 11800000events, get 926079events
skimmed 11900000events, get 929762events
skimmed 12000000events, get 933792events
skimmed 12100000events, get 942268events
skimmed 12200000events, get 950650events
skimmed 12300000events, get 958650events
skimmed 12400000events, get 967174events
skimmed 12500000events, get 975705events
skimmed 12600000events, get 976946events
skimmed 12700000events, get 977022events
skimmed 12800000events, get 977728events
skimmed 12900000events, get 979038events
skimmed 13000000events, get 982838events
skimmed 13100000events, get 986604events
skimmed 13200000events, get 988944events
skimmed 13300000events, get 1002521events
skimmed 13400000events, get 1016495events
skimmed 13500000events, get 1030105events
skimmed 13600000events, get 1043816events
skimmed 13700000events, get 1057891events
skimmed 13800000events, get 1071768events
skimmed 13900000events, get 1085731events
skimmed 14000000events, get 1099775events
skimmed 14100000events, get 1113369events
skimmed 14200000events, get 1118784events
skimmed 14300000events, get 1124339events
skimmed 14400000events, get 1129742events
skimmed 14500000events, get 1135284events
skimmed 14600000events, get 1140810events
skimmed 14700000events, get 1146178events
skimmed 14800000events, get 1151658events
skimmed 14900000events, get 1157057events
skimmed 15000000events, get 1158391events
skimmed 15100000events, get 1165615events
skimmed 15200000events, get 1175583events
skimmed 15300000events, get 1185010events
skimmed 15400000events, get 1194459events
skimmed 15500000events, get 1203986events
skimmed 15600000events, get 1212932events
skimmed 15700000events, get 1222667events
skimmed 15800000events, get 1232713events
skimmed 15900000events, get 1242517events
skimmed 16000000events, get 1252526events
skimmed 16100000events, get 1262182events
skimmed 16200000events, get 1266385events
skimmed 16300000events, get 1266449events
skimmed 16400000events, get 1267957events
skimmed 16500000events, get 1279999events
skimmed 16600000events, get 1292080events
skimmed 16700000events, get 1303943events
skimmed 16800000events, get 1315859events
skimmed 16900000events, get 1327780events
skimmed 17000000events, get 1339881events
skimmed 17100000events, get 1351696events
skimmed 17200000events, get 1363905events
skimmed 17300000events, get 1375775events
skimmed 17400000events, get 1387962events
skimmed 17500000events, get 1394035events
skimmed 17600000events, get 1396781events
skimmed 17700000events, get 1400536events
skimmed 17800000events, get 1408673events
skimmed 17900000events, get 1416876events
skimmed 18000000events, get 1425119events
skimmed 18100000events, get 1433422events
skimmed 18200000events, get 1441443events
skimmed 18300000events, get 1449550events
skimmed 18400000events, get 1457982events
skimmed 18500000events, get 1466040events
skimmed 18600000events, get 1474136events
skimmed 18700000events, get 1482513events
skimmed 18800000events, get 1491068events
skimmed 18900000events, get 1499023events
skimmed 19000000events, get 1507366events
skimmed 19100000events, get 1513466events
skimmed 19200000events, get 1515128events
skimmed 19300000events, get 1518735events
skimmed 19400000events, get 1524506events
skimmed 19500000events, get 1530182events
skimmed 19600000events, get 1535910events
skimmed 19700000events, get 1541569events
skimmed 19800000events, get 1547234events
skimmed 19900000events, get 1552836events
skimmed 20000000events, get 1558365events
skimmed 20100000events, get 1561886events
skimmed 20200000events, get 1561960events
skimmed 20300000events, get 1562022events
skimmed 20400000events, get 1562434events
saved file /work/wjin/featurereduced4/rootfiles/2016/data/superMerged_noDupl.root
(int) 1
   ------------------------------------------------------------
  | Welcome to ROOT 6.06/01                http://root.cern.ch |
  |                               (c) 1995-2014, The ROOT Team |
  | Built for linuxx8664gcc                                    |
  | From tag , 9 December 2015                                 |
  | Try '.help', '.demo', '.license', '.credits', '.quit'/'.q' |
   ------------------------------------------------------------


Processing skim_for_MLevaluation_signalregion.cpp("/scratch/mratti/merged_nanoMT2/2017_V08_V00_v1/merged/superMerged_noDupl.root","/work/wjin/featurereduced4/rootfiles/2017/data/superMerged_noDupl.root","Events",0)...
loading source file /scratch/mratti/merged_nanoMT2/2017_V08_V00_v1/merged/superMerged_noDupl.root
start creating skimmed file /work/wjin/featurereduced4/rootfiles/2017/data/superMerged_noDupl.root
skimmed 0events, get 0events
skimmed 100000events, get 11402events
skimmed 200000events, get 22869events
skimmed 300000events, get 25334events
skimmed 400000events, get 27946events
skimmed 500000events, get 35530events
skimmed 600000events, get 43010events
skimmed 700000events, get 51099events
skimmed 800000events, get 58820events
skimmed 900000events, get 66589events
skimmed 1000000events, get 72682events
skimmed 1100000events, get 78425events
skimmed 1200000events, get 85358events
skimmed 1300000events, get 91992events
skimmed 1400000events, get 98170events
skimmed 1500000events, get 101835events
skimmed 1600000events, get 102479events
skimmed 1700000events, get 102984events
skimmed 1800000events, get 103026events
skimmed 1900000events, get 103070events
skimmed 2000000events, get 103104events
skimmed 2100000events, get 104044events
skimmed 2200000events, get 105526events
skimmed 2300000events, get 107041events
skimmed 2400000events, get 111340events
skimmed 2500000events, get 122225events
skimmed 2600000events, get 132945events
skimmed 2700000events, get 143339events
skimmed 2800000events, get 154098events
skimmed 2900000events, get 164907events
skimmed 3000000events, get 175625events
skimmed 3100000events, get 184660events
skimmed 3200000events, get 193169events
skimmed 3300000events, get 201815events
skimmed 3400000events, get 210299events
skimmed 3500000events, get 218491events
skimmed 3600000events, get 226838events
skimmed 3700000events, get 235369events
skimmed 3800000events, get 244164events
skimmed 3900000events, get 245427events
skimmed 4000000events, get 246627events
skimmed 4100000events, get 250305events
skimmed 4200000events, get 257357events
skimmed 4300000events, get 264567events
skimmed 4400000events, get 271932events
skimmed 4500000events, get 279012events
skimmed 4600000events, get 285838events
skimmed 4700000events, get 293050events
skimmed 4800000events, get 300305events
skimmed 4900000events, get 305126events
skimmed 5000000events, get 305161events
skimmed 5100000events, get 305201events
skimmed 5200000events, get 305236events
skimmed 5300000events, get 305268events
skimmed 5400000events, get 305304events
skimmed 5500000events, get 305665events
skimmed 5600000events, get 307154events
skimmed 5700000events, get 308015events
skimmed 5800000events, get 310708events
skimmed 5900000events, get 313312events
skimmed 6000000events, get 322744events
skimmed 6100000events, get 333370events
skimmed 6200000events, get 343309events
skimmed 6300000events, get 350268events
skimmed 6400000events, get 357429events
skimmed 6500000events, get 364575events
skimmed 6600000events, get 369431events
skimmed 6700000events, get 372248events
skimmed 6800000events, get 378918events
skimmed 6900000events, get 385645events
skimmed 7000000events, get 392375events
skimmed 7100000events, get 399720events
skimmed 7200000events, get 407183events
skimmed 7300000events, get 415060events
skimmed 7400000events, get 422036events
skimmed 7500000events, get 427730events
skimmed 7600000events, get 435310events
skimmed 7700000events, get 442718events
skimmed 7800000events, get 449289events
skimmed 7900000events, get 456080events
skimmed 8000000events, get 463675events
skimmed 8100000events, get 471189events
skimmed 8200000events, get 478948events
skimmed 8300000events, get 486255events
skimmed 8400000events, get 492622events
skimmed 8500000events, get 500224events
skimmed 8600000events, get 508204events
skimmed 8700000events, get 514885events
skimmed 8800000events, get 520982events
skimmed 8900000events, get 526869events
skimmed 9000000events, get 528910events
skimmed 9100000events, get 529260events
skimmed 9200000events, get 529598events
skimmed 9300000events, get 531025events
skimmed 9400000events, get 533218events
skimmed 9500000events, get 535550events
skimmed 9600000events, get 539843events
skimmed 9700000events, get 547643events
skimmed 9800000events, get 555378events
skimmed 9900000events, get 562984events
skimmed 10000000events, get 570621events
skimmed 10100000events, get 578281events
skimmed 10200000events, get 586184events
skimmed 10300000events, get 593934events
skimmed 10400000events, get 601172events
skimmed 10500000events, get 601197events
skimmed 10600000events, get 601237events
skimmed 10700000events, get 601281events
skimmed 10800000events, get 601954events
skimmed 10900000events, get 602833events
skimmed 11000000events, get 603542events
skimmed 11100000events, get 604026events
skimmed 11200000events, get 605320events
skimmed 11300000events, get 607986events
skimmed 11400000events, get 617623events
skimmed 11500000events, get 627250events
skimmed 11600000events, get 636782events
skimmed 11700000events, get 646105events
skimmed 11800000events, get 655482events
skimmed 11900000events, get 665013events
skimmed 12000000events, get 674660events
skimmed 12100000events, get 684246events
skimmed 12200000events, get 693946events
skimmed 12300000events, get 703484events
skimmed 12400000events, get 713351events
skimmed 12500000events, get 717924events
skimmed 12600000events, get 720653events
skimmed 12700000events, get 723560events
skimmed 12800000events, get 726739events
skimmed 12900000events, get 729478events
skimmed 13000000events, get 732331events
skimmed 13100000events, get 738276events
skimmed 13200000events, get 746798events
skimmed 13300000events, get 755122events
skimmed 13400000events, get 763552events
skimmed 13500000events, get 772047events
skimmed 13600000events, get 780658events
skimmed 13700000events, get 789089events
skimmed 13800000events, get 798102events
skimmed 13900000events, get 806250events
skimmed 14000000events, get 814717events
skimmed 14100000events, get 822744events
skimmed 14200000events, get 831069events
skimmed 14300000events, get 838280events
skimmed 14400000events, get 841945events
skimmed 14500000events, get 846067events
skimmed 14600000events, get 849717events
skimmed 14700000events, get 853067events
skimmed 14800000events, get 856708events
skimmed 14900000events, get 860469events
skimmed 15000000events, get 863422events
skimmed 15100000events, get 866743events
skimmed 15200000events, get 870198events
skimmed 15300000events, get 873987events
skimmed 15400000events, get 877768events
skimmed 15500000events, get 881191events
skimmed 15600000events, get 884494events
skimmed 15700000events, get 887819events
skimmed 15800000events, get 891265events
skimmed 15900000events, get 894324events
skimmed 16000000events, get 897674events
skimmed 16100000events, get 901576events
skimmed 16200000events, get 905258events
skimmed 16300000events, get 908755events
skimmed 16400000events, get 912449events
skimmed 16500000events, get 916165events
skimmed 16600000events, get 919576events
skimmed 16700000events, get 923555events
skimmed 16800000events, get 924018events
skimmed 16900000events, get 924057events
skimmed 17000000events, get 924131events
skimmed 17100000events, get 924175events
skimmed 17200000events, get 924239events
skimmed 17300000events, get 924291events
skimmed 17400000events, get 924356events
skimmed 17500000events, get 924408events
skimmed 17600000events, get 924458events
skimmed 17700000events, get 924515events
skimmed 17800000events, get 925637events
skimmed 17900000events, get 926799events
skimmed 18000000events, get 927916events
saved file /work/wjin/featurereduced4/rootfiles/2017/data/superMerged_noDupl.root
(int) 1
   ------------------------------------------------------------
  | Welcome to ROOT 6.06/01                http://root.cern.ch |
  |                               (c) 1995-2014, The ROOT Team |
  | Built for linuxx8664gcc                                    |
  | From tag , 9 December 2015                                 |
  | Try '.help', '.demo', '.license', '.credits', '.quit'/'.q' |
   ------------------------------------------------------------


Processing skim_for_MLevaluation_signalregion.cpp("/scratch/mratti/merged_nanoMT2/2018_V08_V01_v0/merged/superMerged_noDupl.root","/work/wjin/featurereduced4/rootfiles/2018/data/superMerged_noDupl.root","Events",0)...
loading source file /scratch/mratti/merged_nanoMT2/2018_V08_V01_v0/merged/superMerged_noDupl.root
start creating skimmed file /work/wjin/featurereduced4/rootfiles/2018/data/superMerged_noDupl.root
skimmed 0events, get 1events
skimmed 100000events, get 11157events
skimmed 200000events, get 22167events
skimmed 300000events, get 33381events
skimmed 400000events, get 44566events
skimmed 500000events, get 55793events
skimmed 600000events, get 67517events
skimmed 700000events, get 79474events
skimmed 800000events, get 91207events
skimmed 900000events, get 102286events
skimmed 1000000events, get 114033events
skimmed 1100000events, get 125963events
skimmed 1200000events, get 138103events
skimmed 1300000events, get 149801events
skimmed 1400000events, get 160503events
skimmed 1500000events, get 167360events
skimmed 1600000events, get 169287events
skimmed 1700000events, get 171132events
skimmed 1800000events, get 172037events
skimmed 1900000events, get 173384events
skimmed 2000000events, get 175129events
skimmed 2100000events, get 177090events
skimmed 2200000events, get 178921events
skimmed 2300000events, get 180909events
skimmed 2400000events, get 183155events
skimmed 2500000events, get 185621events
skimmed 2600000events, get 188204events
skimmed 2700000events, get 190465events
skimmed 2800000events, get 192272events
skimmed 2900000events, get 194171events
skimmed 3000000events, get 196321events
skimmed 3100000events, get 198258events
skimmed 3200000events, get 200844events
skimmed 3300000events, get 202618events
skimmed 3400000events, get 204962events
skimmed 3500000events, get 209217events
skimmed 3600000events, get 214368events
skimmed 3700000events, get 220347events
skimmed 3800000events, get 226098events
skimmed 3900000events, get 231770events
skimmed 4000000events, get 237522events
skimmed 4100000events, get 242114events
skimmed 4200000events, get 247172events
skimmed 4300000events, get 252012events
skimmed 4400000events, get 256484events
skimmed 4500000events, get 261076events
skimmed 4600000events, get 266038events
skimmed 4700000events, get 270754events
skimmed 4800000events, get 275344events
skimmed 4900000events, get 282407events
skimmed 5000000events, get 293765events
skimmed 5100000events, get 305096events
skimmed 5200000events, get 316494events
skimmed 5300000events, get 328071events
skimmed 5400000events, get 339681events
skimmed 5500000events, get 351012events
skimmed 5600000events, get 361078events
skimmed 5700000events, get 362890events
skimmed 5800000events, get 365655events
skimmed 5900000events, get 368104events
skimmed 6000000events, get 370148events
skimmed 6100000events, get 372553events
skimmed 6200000events, get 375056events
skimmed 6300000events, get 378264events
skimmed 6400000events, get 383706events
skimmed 6500000events, get 389094events
skimmed 6600000events, get 394639events
skimmed 6700000events, get 400157events
skimmed 6800000events, get 405375events
skimmed 6900000events, get 410657events
skimmed 7000000events, get 414006events
skimmed 7100000events, get 414689events
skimmed 7200000events, get 416059events
skimmed 7300000events, get 418368events
skimmed 7400000events, get 425296events
skimmed 7500000events, get 432338events
skimmed 7600000events, get 439344events
skimmed 7700000events, get 446526events
skimmed 7800000events, get 453733events
skimmed 7900000events, get 460885events
skimmed 8000000events, get 467833events
skimmed 8100000events, get 474927events
skimmed 8200000events, get 481655events
skimmed 8300000events, get 488875events
skimmed 8400000events, get 496008events
skimmed 8500000events, get 503035events
skimmed 8600000events, get 506234events
skimmed 8700000events, get 507453events
skimmed 8800000events, get 508700events
skimmed 8900000events, get 510695events
skimmed 9000000events, get 512806events
skimmed 9100000events, get 515051events
skimmed 9200000events, get 517317events
skimmed 9300000events, get 519593events
skimmed 9400000events, get 522730events
skimmed 9500000events, get 528068events
skimmed 9600000events, get 533461events
skimmed 9700000events, get 538840events
skimmed 9800000events, get 544325events
skimmed 9900000events, get 549724events
skimmed 10000000events, get 554763events
skimmed 10100000events, get 558561events
skimmed 10200000events, get 559615events
skimmed 10300000events, get 560934events
skimmed 10400000events, get 562173events
skimmed 10500000events, get 563487events
skimmed 10600000events, get 569240events
skimmed 10700000events, get 576175events
skimmed 10800000events, get 583063events
skimmed 10900000events, get 589941events
skimmed 11000000events, get 596798events
skimmed 11100000events, get 603976events
skimmed 11200000events, get 610619events
skimmed 11300000events, get 617589events
skimmed 11400000events, get 624330events
skimmed 11500000events, get 631094events
skimmed 11600000events, get 638000events
skimmed 11700000events, get 644848events
skimmed 11800000events, get 651806events
skimmed 11900000events, get 658738events
skimmed 12000000events, get 665728events
skimmed 12100000events, get 672904events
skimmed 12200000events, get 679818events
skimmed 12300000events, get 686843events
skimmed 12400000events, get 693750events
skimmed 12500000events, get 700563events
skimmed 12600000events, get 707584events
skimmed 12700000events, get 714625events
skimmed 12800000events, get 721607events
skimmed 12900000events, get 728535events
skimmed 13000000events, get 735514events
skimmed 13100000events, get 742278events
skimmed 13200000events, get 749135events
skimmed 13300000events, get 755831events
skimmed 13400000events, get 762749events
skimmed 13500000events, get 769654events
skimmed 13600000events, get 776315events
skimmed 13700000events, get 782697events
skimmed 13800000events, get 789270events
skimmed 13900000events, get 796199events
skimmed 14000000events, get 802985events
skimmed 14100000events, get 809359events
skimmed 14200000events, get 815858events
skimmed 14300000events, get 822273events
skimmed 14400000events, get 828906events
skimmed 14500000events, get 835618events
skimmed 14600000events, get 841966events
skimmed 14700000events, get 848806events
skimmed 14800000events, get 855419events
skimmed 14900000events, get 861935events
skimmed 15000000events, get 868662events
skimmed 15100000events, get 875274events
skimmed 15200000events, get 881669events
skimmed 15300000events, get 887821events
skimmed 15400000events, get 894328events
skimmed 15500000events, get 900945events
skimmed 15600000events, get 907656events
skimmed 15700000events, get 914170events
skimmed 15800000events, get 920826events
skimmed 15900000events, get 927633events
skimmed 16000000events, get 934170events
skimmed 16100000events, get 940799events
skimmed 16200000events, get 947594events
skimmed 16300000events, get 953911events
skimmed 16400000events, get 960077events
skimmed 16500000events, get 966473events
skimmed 16600000events, get 968148events
skimmed 16700000events, get 969327events
skimmed 16800000events, get 970523events
skimmed 16900000events, get 971698events
skimmed 17000000events, get 972909events
skimmed 17100000events, get 974092events
skimmed 17200000events, get 975332events
skimmed 17300000events, get 976549events
skimmed 17400000events, get 977672events
skimmed 17500000events, get 978795events
skimmed 17600000events, get 979935events
skimmed 17700000events, get 981651events
skimmed 17800000events, get 983824events
skimmed 17900000events, get 985990events
skimmed 18000000events, get 988107events
skimmed 18100000events, get 990257events
skimmed 18200000events, get 992425events
skimmed 18300000events, get 994342events
skimmed 18400000events, get 996346events
skimmed 18500000events, get 998473events
skimmed 18600000events, get 1000594events
skimmed 18700000events, get 1002575events
skimmed 18800000events, get 1004747events
skimmed 18900000events, get 1006772events
skimmed 19000000events, get 1008829events
skimmed 19100000events, get 1010789events
skimmed 19200000events, get 1012756events
skimmed 19300000events, get 1014655events
skimmed 19400000events, get 1016632events
skimmed 19500000events, get 1018792events
skimmed 19600000events, get 1020841events
skimmed 19700000events, get 1022914events
skimmed 19800000events, get 1024986events
skimmed 19900000events, get 1027014events
skimmed 20000000events, get 1029025events
skimmed 20100000events, get 1031248events
skimmed 20200000events, get 1033445events
skimmed 20300000events, get 1035106events
skimmed 20400000events, get 1036739events
skimmed 20500000events, get 1038209events
skimmed 20600000events, get 1039839events
skimmed 20700000events, get 1042391events
skimmed 20800000events, get 1047751events
skimmed 20900000events, get 1053174events
skimmed 21000000events, get 1058669events
skimmed 21100000events, get 1063907events
skimmed 21200000events, get 1068859events
skimmed 21300000events, get 1073930events
skimmed 21400000events, get 1078502events
skimmed 21500000events, get 1083602events
skimmed 21600000events, get 1088672events
skimmed 21700000events, get 1093722events
skimmed 21800000events, get 1098724events
skimmed 21900000events, get 1103619events
skimmed 22000000events, get 1108294events
skimmed 22100000events, get 1113262events
skimmed 22200000events, get 1118462events
skimmed 22300000events, get 1123562events
skimmed 22400000events, get 1128462events
skimmed 22500000events, get 1133261events
skimmed 22600000events, get 1138257events
skimmed 22700000events, get 1143069events
skimmed 22800000events, get 1148255events
skimmed 22900000events, get 1153469events
skimmed 23000000events, get 1158189events
skimmed 23100000events, get 1162959events
skimmed 23200000events, get 1167846events
skimmed 23300000events, get 1173374events
skimmed 23400000events, get 1179183events
skimmed 23500000events, get 1184515events
skimmed 23600000events, get 1189869events
skimmed 23700000events, get 1195252events
skimmed 23800000events, get 1200562events
saved file /work/wjin/featurereduced4/rootfiles/2018/data/superMerged_noDupl.root
(int) 1
