   ------------------------------------------------------------
  | Welcome to ROOT 6.06/01                http://root.cern.ch |
  |                               (c) 1995-2014, The ROOT Team |
  | Built for linuxx8664gcc                                    |
  | From tag , 9 December 2015                                 |
  | Try '.help', '.demo', '.license', '.credits', '.quit'/'.q' |
   ------------------------------------------------------------


Processing preselection_forML_reducefeature_zinvcontrol.cpp...
loading source file /scratch/mratti/NEWSnTtrees/2016/dyjetsll_ht100to200.root
start creating backgroud file /work/wjin/featurereduced4/rootfiles_zinvcontrol/2016/dyjetsll_ht100to200.root
saved file /work/wjin/featurereduced4/rootfiles_zinvcontrol/2016/dyjetsll_ht100to200.root
loading source file /scratch/mratti/NEWSnTtrees/2016/dyjetsll_ht1200to2500.root
start creating backgroud file /work/wjin/featurereduced4/rootfiles_zinvcontrol/2016/dyjetsll_ht1200to2500.root
saved file /work/wjin/featurereduced4/rootfiles_zinvcontrol/2016/dyjetsll_ht1200to2500.root
loading source file /scratch/mratti/NEWSnTtrees/2016/dyjetsll_ht200to400.root
start creating backgroud file /work/wjin/featurereduced4/rootfiles_zinvcontrol/2016/dyjetsll_ht200to400.root
saved file /work/wjin/featurereduced4/rootfiles_zinvcontrol/2016/dyjetsll_ht200to400.root
loading source file /scratch/mratti/NEWSnTtrees/2016/dyjetsll_ht2500toInf.root
start creating backgroud file /work/wjin/featurereduced4/rootfiles_zinvcontrol/2016/dyjetsll_ht2500toInf.root
saved file /work/wjin/featurereduced4/rootfiles_zinvcontrol/2016/dyjetsll_ht2500toInf.root
loading source file /scratch/mratti/NEWSnTtrees/2016/dyjetsll_ht400to600.root
start creating backgroud file /work/wjin/featurereduced4/rootfiles_zinvcontrol/2016/dyjetsll_ht400to600.root
saved file /work/wjin/featurereduced4/rootfiles_zinvcontrol/2016/dyjetsll_ht400to600.root
loading source file /scratch/mratti/NEWSnTtrees/2016/dyjetsll_ht600to800.root
start creating backgroud file /work/wjin/featurereduced4/rootfiles_zinvcontrol/2016/dyjetsll_ht600to800.root
saved file /work/wjin/featurereduced4/rootfiles_zinvcontrol/2016/dyjetsll_ht600to800.root
loading source file /scratch/mratti/NEWSnTtrees/2016/dyjetsll_ht800to1200.root
start creating backgroud file /work/wjin/featurereduced4/rootfiles_zinvcontrol/2016/dyjetsll_ht800to1200.root
saved file /work/wjin/featurereduced4/rootfiles_zinvcontrol/2016/dyjetsll_ht800to1200.root
loading source file /scratch/mratti/NEWSnTtrees/2016/gjets_dr0p05_ht100to200.root
start creating backgroud file /work/wjin/featurereduced4/rootfiles_zinvcontrol/2016/gjets_dr0p05_ht100to200.root
saved file /work/wjin/featurereduced4/rootfiles_zinvcontrol/2016/gjets_dr0p05_ht100to200.root
loading source file /scratch/mratti/NEWSnTtrees/2016/gjets_dr0p05_ht200to400.root
start creating backgroud file /work/wjin/featurereduced4/rootfiles_zinvcontrol/2016/gjets_dr0p05_ht200to400.root
saved file /work/wjin/featurereduced4/rootfiles_zinvcontrol/2016/gjets_dr0p05_ht200to400.root
loading source file /scratch/mratti/NEWSnTtrees/2016/gjets_dr0p05_ht400to600.root
start creating backgroud file /work/wjin/featurereduced4/rootfiles_zinvcontrol/2016/gjets_dr0p05_ht400to600.root
saved file /work/wjin/featurereduced4/rootfiles_zinvcontrol/2016/gjets_dr0p05_ht400to600.root
loading source file /scratch/mratti/NEWSnTtrees/2016/gjets_dr0p05_ht40to100.root
start creating backgroud file /work/wjin/featurereduced4/rootfiles_zinvcontrol/2016/gjets_dr0p05_ht40to100.root
saved file /work/wjin/featurereduced4/rootfiles_zinvcontrol/2016/gjets_dr0p05_ht40to100.root
loading source file /scratch/mratti/NEWSnTtrees/2016/gjets_dr0p05_ht600toInf.root
start creating backgroud file /work/wjin/featurereduced4/rootfiles_zinvcontrol/2016/gjets_dr0p05_ht600toInf.root
saved file /work/wjin/featurereduced4/rootfiles_zinvcontrol/2016/gjets_dr0p05_ht600toInf.root
loading source file /scratch/mratti/NEWSnTtrees/2016/qcd_ht1000to1500.root
start creating backgroud file /work/wjin/featurereduced4/rootfiles_zinvcontrol/2016/qcd_ht1000to1500.root
saved file /work/wjin/featurereduced4/rootfiles_zinvcontrol/2016/qcd_ht1000to1500.root
loading source file /scratch/mratti/NEWSnTtrees/2016/qcd_ht1500to2000.root
start creating backgroud file /work/wjin/featurereduced4/rootfiles_zinvcontrol/2016/qcd_ht1500to2000.root
saved file /work/wjin/featurereduced4/rootfiles_zinvcontrol/2016/qcd_ht1500to2000.root
loading source file /scratch/mratti/NEWSnTtrees/2016/qcd_ht2000toInf.root
start creating backgroud file /work/wjin/featurereduced4/rootfiles_zinvcontrol/2016/qcd_ht2000toInf.root
saved file /work/wjin/featurereduced4/rootfiles_zinvcontrol/2016/qcd_ht2000toInf.root
loading source file /scratch/mratti/NEWSnTtrees/2016/qcd_ht300to500.root
start creating backgroud file /work/wjin/featurereduced4/rootfiles_zinvcontrol/2016/qcd_ht300to500.root
saved file /work/wjin/featurereduced4/rootfiles_zinvcontrol/2016/qcd_ht300to500.root
loading source file /scratch/mratti/NEWSnTtrees/2016/qcd_ht500to700.root
start creating backgroud file /work/wjin/featurereduced4/rootfiles_zinvcontrol/2016/qcd_ht500to700.root
saved file /work/wjin/featurereduced4/rootfiles_zinvcontrol/2016/qcd_ht500to700.root
loading source file /scratch/mratti/NEWSnTtrees/2016/qcd_ht700to1000.root
start creating backgroud file /work/wjin/featurereduced4/rootfiles_zinvcontrol/2016/qcd_ht700to1000.root
saved file /work/wjin/featurereduced4/rootfiles_zinvcontrol/2016/qcd_ht700to1000.root
loading source file /scratch/mratti/NEWSnTtrees/2016/singletop_tW_tbar.root
start creating backgroud file /work/wjin/featurereduced4/rootfiles_zinvcontrol/2016/singletop_tW_tbar.root
saved file /work/wjin/featurereduced4/rootfiles_zinvcontrol/2016/singletop_tW_tbar.root
loading source file /scratch/mratti/NEWSnTtrees/2016/singletop_tW_top.root
start creating backgroud file /work/wjin/featurereduced4/rootfiles_zinvcontrol/2016/singletop_tW_top.root
saved file /work/wjin/featurereduced4/rootfiles_zinvcontrol/2016/singletop_tW_top.root
loading source file /scratch/mratti/NEWSnTtrees/2016/singletop_tchan_tbar.root
start creating backgroud file /work/wjin/featurereduced4/rootfiles_zinvcontrol/2016/singletop_tchan_tbar.root
saved file /work/wjin/featurereduced4/rootfiles_zinvcontrol/2016/singletop_tchan_tbar.root
loading source file /scratch/mratti/NEWSnTtrees/2016/singletop_tchan_top.root
start creating backgroud file /work/wjin/featurereduced4/rootfiles_zinvcontrol/2016/singletop_tchan_top.root
saved file /work/wjin/featurereduced4/rootfiles_zinvcontrol/2016/singletop_tchan_top.root
loading source file /scratch/mratti/NEWSnTtrees/2016/singletop_schan.root
start creating backgroud file /work/wjin/featurereduced4/rootfiles_zinvcontrol/2016/singletop_schan.root
saved file /work/wjin/featurereduced4/rootfiles_zinvcontrol/2016/singletop_schan.root
loading source file /scratch/mratti/NEWSnTtrees/2016/ttdl.root
start creating backgroud file /work/wjin/featurereduced4/rootfiles_zinvcontrol/2016/ttdl.root
saved file /work/wjin/featurereduced4/rootfiles_zinvcontrol/2016/ttdl.root
loading source file /scratch/mratti/NEWSnTtrees/2016/ttsl_tbar.root
start creating backgroud file /work/wjin/featurereduced4/rootfiles_zinvcontrol/2016/ttsl_tbar.root
saved file /work/wjin/featurereduced4/rootfiles_zinvcontrol/2016/ttsl_tbar.root
loading source file /scratch/mratti/NEWSnTtrees/2016/ttsl_top.root
start creating backgroud file /work/wjin/featurereduced4/rootfiles_zinvcontrol/2016/ttsl_top.root
saved file /work/wjin/featurereduced4/rootfiles_zinvcontrol/2016/ttsl_top.root
loading source file /scratch/mratti/NEWSnTtrees/2016/ttz_mg_lo.root
start creating backgroud file /work/wjin/featurereduced4/rootfiles_zinvcontrol/2016/ttz_mg_lo.root
saved file /work/wjin/featurereduced4/rootfiles_zinvcontrol/2016/ttz_mg_lo.root
loading source file /scratch/mratti/NEWSnTtrees/2016/ttw_lnu_amcatnlo.root
start creating backgroud file /work/wjin/featurereduced4/rootfiles_zinvcontrol/2016/ttw_lnu_amcatnlo.root
saved file /work/wjin/featurereduced4/rootfiles_zinvcontrol/2016/ttw_lnu_amcatnlo.root
loading source file /scratch/mratti/NEWSnTtrees/2016/ttw_qq_amcatnlo.root
start creating backgroud file /work/wjin/featurereduced4/rootfiles_zinvcontrol/2016/ttw_qq_amcatnlo.root
saved file /work/wjin/featurereduced4/rootfiles_zinvcontrol/2016/ttw_qq_amcatnlo.root
loading source file /scratch/mratti/NEWSnTtrees/2016/ttg_amcatnlo.root
start creating backgroud file /work/wjin/featurereduced4/rootfiles_zinvcontrol/2016/ttg_amcatnlo.root
saved file /work/wjin/featurereduced4/rootfiles_zinvcontrol/2016/ttg_amcatnlo.root
loading source file /scratch/mratti/NEWSnTtrees/2016/tttt.root
start creating backgroud file /work/wjin/featurereduced4/rootfiles_zinvcontrol/2016/tttt.root
saved file /work/wjin/featurereduced4/rootfiles_zinvcontrol/2016/tttt.root
loading source file /scratch/mratti/NEWSnTtrees/2016/wjets_ht100to200.root
start creating backgroud file /work/wjin/featurereduced4/rootfiles_zinvcontrol/2016/wjets_ht100to200.root
saved file /work/wjin/featurereduced4/rootfiles_zinvcontrol/2016/wjets_ht100to200.root
loading source file /scratch/mratti/NEWSnTtrees/2016/wjets_ht1200to2500.root
start creating backgroud file /work/wjin/featurereduced4/rootfiles_zinvcontrol/2016/wjets_ht1200to2500.root
saved file /work/wjin/featurereduced4/rootfiles_zinvcontrol/2016/wjets_ht1200to2500.root
loading source file /scratch/mratti/NEWSnTtrees/2016/wjets_ht200to400.root
start creating backgroud file /work/wjin/featurereduced4/rootfiles_zinvcontrol/2016/wjets_ht200to400.root
saved file /work/wjin/featurereduced4/rootfiles_zinvcontrol/2016/wjets_ht200to400.root
loading source file /scratch/mratti/NEWSnTtrees/2016/wjets_ht2500toInf.root
start creating backgroud file /work/wjin/featurereduced4/rootfiles_zinvcontrol/2016/wjets_ht2500toInf.root
saved file /work/wjin/featurereduced4/rootfiles_zinvcontrol/2016/wjets_ht2500toInf.root
loading source file /scratch/mratti/NEWSnTtrees/2016/wjets_ht400to600.root
start creating backgroud file /work/wjin/featurereduced4/rootfiles_zinvcontrol/2016/wjets_ht400to600.root
saved file /work/wjin/featurereduced4/rootfiles_zinvcontrol/2016/wjets_ht400to600.root
loading source file /scratch/mratti/NEWSnTtrees/2016/wjets_ht600to800.root
start creating backgroud file /work/wjin/featurereduced4/rootfiles_zinvcontrol/2016/wjets_ht600to800.root
saved file /work/wjin/featurereduced4/rootfiles_zinvcontrol/2016/wjets_ht600to800.root
loading source file /scratch/mratti/NEWSnTtrees/2016/wjets_ht800to1200.root
start creating backgroud file /work/wjin/featurereduced4/rootfiles_zinvcontrol/2016/wjets_ht800to1200.root
saved file /work/wjin/featurereduced4/rootfiles_zinvcontrol/2016/wjets_ht800to1200.root
loading source file /scratch/mratti/NEWSnTtrees/2016/ww.root
start creating backgroud file /work/wjin/featurereduced4/rootfiles_zinvcontrol/2016/ww.root
saved file /work/wjin/featurereduced4/rootfiles_zinvcontrol/2016/ww.root
loading source file /scratch/mratti/NEWSnTtrees/2016/wz.root
start creating backgroud file /work/wjin/featurereduced4/rootfiles_zinvcontrol/2016/wz.root
saved file /work/wjin/featurereduced4/rootfiles_zinvcontrol/2016/wz.root
loading source file /scratch/mratti/NEWSnTtrees/2016/zinv_ht100to200.root
start creating backgroud file /work/wjin/featurereduced4/rootfiles_zinvcontrol/2016/zinv_ht100to200.root
saved file /work/wjin/featurereduced4/rootfiles_zinvcontrol/2016/zinv_ht100to200.root
loading source file /scratch/mratti/NEWSnTtrees/2016/zinv_ht1200to2500.root
start creating backgroud file /work/wjin/featurereduced4/rootfiles_zinvcontrol/2016/zinv_ht1200to2500.root
saved file /work/wjin/featurereduced4/rootfiles_zinvcontrol/2016/zinv_ht1200to2500.root
loading source file /scratch/mratti/NEWSnTtrees/2016/zinv_ht200to400.root
start creating backgroud file /work/wjin/featurereduced4/rootfiles_zinvcontrol/2016/zinv_ht200to400.root
saved file /work/wjin/featurereduced4/rootfiles_zinvcontrol/2016/zinv_ht200to400.root
loading source file /scratch/mratti/NEWSnTtrees/2016/zinv_ht2500toInf.root
start creating backgroud file /work/wjin/featurereduced4/rootfiles_zinvcontrol/2016/zinv_ht2500toInf.root
saved file /work/wjin/featurereduced4/rootfiles_zinvcontrol/2016/zinv_ht2500toInf.root
loading source file /scratch/mratti/NEWSnTtrees/2016/zinv_ht400to600.root
start creating backgroud file /work/wjin/featurereduced4/rootfiles_zinvcontrol/2016/zinv_ht400to600.root
saved file /work/wjin/featurereduced4/rootfiles_zinvcontrol/2016/zinv_ht400to600.root
loading source file /scratch/mratti/NEWSnTtrees/2016/zinv_ht600to800.root
start creating backgroud file /work/wjin/featurereduced4/rootfiles_zinvcontrol/2016/zinv_ht600to800.root
saved file /work/wjin/featurereduced4/rootfiles_zinvcontrol/2016/zinv_ht600to800.root
loading source file /scratch/mratti/NEWSnTtrees/2016/zinv_ht800to1200.root
start creating backgroud file /work/wjin/featurereduced4/rootfiles_zinvcontrol/2016/zinv_ht800to1200.root
saved file /work/wjin/featurereduced4/rootfiles_zinvcontrol/2016/zinv_ht800to1200.root
loading source file /scratch/mratti/NEWSnTtrees/2017/dyjetsll_ht100to200.root
start creating backgroud file /work/wjin/featurereduced4/rootfiles_zinvcontrol/2017/dyjetsll_ht100to200.root
saved file /work/wjin/featurereduced4/rootfiles_zinvcontrol/2017/dyjetsll_ht100to200.root
loading source file /scratch/mratti/NEWSnTtrees/2017/dyjetsll_ht1200to2500.root
start creating backgroud file /work/wjin/featurereduced4/rootfiles_zinvcontrol/2017/dyjetsll_ht1200to2500.root
saved file /work/wjin/featurereduced4/rootfiles_zinvcontrol/2017/dyjetsll_ht1200to2500.root
loading source file /scratch/mratti/NEWSnTtrees/2017/dyjetsll_ht200to400.root
start creating backgroud file /work/wjin/featurereduced4/rootfiles_zinvcontrol/2017/dyjetsll_ht200to400.root
saved file /work/wjin/featurereduced4/rootfiles_zinvcontrol/2017/dyjetsll_ht200to400.root
loading source file /scratch/mratti/NEWSnTtrees/2017/dyjetsll_ht2500toInf.root
start creating backgroud file /work/wjin/featurereduced4/rootfiles_zinvcontrol/2017/dyjetsll_ht2500toInf.root
saved file /work/wjin/featurereduced4/rootfiles_zinvcontrol/2017/dyjetsll_ht2500toInf.root
loading source file /scratch/mratti/NEWSnTtrees/2017/dyjetsll_ht400to600.root
start creating backgroud file /work/wjin/featurereduced4/rootfiles_zinvcontrol/2017/dyjetsll_ht400to600.root
saved file /work/wjin/featurereduced4/rootfiles_zinvcontrol/2017/dyjetsll_ht400to600.root
loading source file /scratch/mratti/NEWSnTtrees/2017/dyjetsll_ht600to800.root
start creating backgroud file /work/wjin/featurereduced4/rootfiles_zinvcontrol/2017/dyjetsll_ht600to800.root
saved file /work/wjin/featurereduced4/rootfiles_zinvcontrol/2017/dyjetsll_ht600to800.root
loading source file /scratch/mratti/NEWSnTtrees/2017/dyjetsll_ht800to1200.root
start creating backgroud file /work/wjin/featurereduced4/rootfiles_zinvcontrol/2017/dyjetsll_ht800to1200.root
saved file /work/wjin/featurereduced4/rootfiles_zinvcontrol/2017/dyjetsll_ht800to1200.root
loading source file /scratch/mratti/NEWSnTtrees/2017/gjets_dr0p05_ht100to200.root
start creating backgroud file /work/wjin/featurereduced4/rootfiles_zinvcontrol/2017/gjets_dr0p05_ht100to200.root
saved file /work/wjin/featurereduced4/rootfiles_zinvcontrol/2017/gjets_dr0p05_ht100to200.root
loading source file /scratch/mratti/NEWSnTtrees/2017/gjets_dr0p05_ht200to400.root
start creating backgroud file /work/wjin/featurereduced4/rootfiles_zinvcontrol/2017/gjets_dr0p05_ht200to400.root
saved file /work/wjin/featurereduced4/rootfiles_zinvcontrol/2017/gjets_dr0p05_ht200to400.root
loading source file /scratch/mratti/NEWSnTtrees/2017/gjets_dr0p05_ht400to600.root
start creating backgroud file /work/wjin/featurereduced4/rootfiles_zinvcontrol/2017/gjets_dr0p05_ht400to600.root
saved file /work/wjin/featurereduced4/rootfiles_zinvcontrol/2017/gjets_dr0p05_ht400to600.root
loading source file /scratch/mratti/NEWSnTtrees/2017/gjets_dr0p05_ht40to100.root
start creating backgroud file /work/wjin/featurereduced4/rootfiles_zinvcontrol/2017/gjets_dr0p05_ht40to100.root
saved file /work/wjin/featurereduced4/rootfiles_zinvcontrol/2017/gjets_dr0p05_ht40to100.root
loading source file /scratch/mratti/NEWSnTtrees/2017/gjets_dr0p05_ht600toInf.root
start creating backgroud file /work/wjin/featurereduced4/rootfiles_zinvcontrol/2017/gjets_dr0p05_ht600toInf.root
saved file /work/wjin/featurereduced4/rootfiles_zinvcontrol/2017/gjets_dr0p05_ht600toInf.root
loading source file /scratch/mratti/NEWSnTtrees/2017/qcd_ht1000to1500.root
start creating backgroud file /work/wjin/featurereduced4/rootfiles_zinvcontrol/2017/qcd_ht1000to1500.root
saved file /work/wjin/featurereduced4/rootfiles_zinvcontrol/2017/qcd_ht1000to1500.root
loading source file /scratch/mratti/NEWSnTtrees/2017/qcd_ht1500to2000.root
start creating backgroud file /work/wjin/featurereduced4/rootfiles_zinvcontrol/2017/qcd_ht1500to2000.root
saved file /work/wjin/featurereduced4/rootfiles_zinvcontrol/2017/qcd_ht1500to2000.root
loading source file /scratch/mratti/NEWSnTtrees/2017/qcd_ht2000toInf.root
start creating backgroud file /work/wjin/featurereduced4/rootfiles_zinvcontrol/2017/qcd_ht2000toInf.root
saved file /work/wjin/featurereduced4/rootfiles_zinvcontrol/2017/qcd_ht2000toInf.root
loading source file /scratch/mratti/NEWSnTtrees/2017/qcd_ht300to500.root
start creating backgroud file /work/wjin/featurereduced4/rootfiles_zinvcontrol/2017/qcd_ht300to500.root
saved file /work/wjin/featurereduced4/rootfiles_zinvcontrol/2017/qcd_ht300to500.root
loading source file /scratch/mratti/NEWSnTtrees/2017/qcd_ht500to700.root
start creating backgroud file /work/wjin/featurereduced4/rootfiles_zinvcontrol/2017/qcd_ht500to700.root
saved file /work/wjin/featurereduced4/rootfiles_zinvcontrol/2017/qcd_ht500to700.root
loading source file /scratch/mratti/NEWSnTtrees/2017/qcd_ht700to1000.root
start creating backgroud file /work/wjin/featurereduced4/rootfiles_zinvcontrol/2017/qcd_ht700to1000.root
saved file /work/wjin/featurereduced4/rootfiles_zinvcontrol/2017/qcd_ht700to1000.root
loading source file /scratch/mratti/NEWSnTtrees/2017/singletop_schan.root
start creating backgroud file /work/wjin/featurereduced4/rootfiles_zinvcontrol/2017/singletop_schan.root
saved file /work/wjin/featurereduced4/rootfiles_zinvcontrol/2017/singletop_schan.root
loading source file /scratch/mratti/NEWSnTtrees/2017/singletop_tW_tbar.root
start creating backgroud file /work/wjin/featurereduced4/rootfiles_zinvcontrol/2017/singletop_tW_tbar.root
saved file /work/wjin/featurereduced4/rootfiles_zinvcontrol/2017/singletop_tW_tbar.root
loading source file /scratch/mratti/NEWSnTtrees/2017/singletop_tW_top.root
start creating backgroud file /work/wjin/featurereduced4/rootfiles_zinvcontrol/2017/singletop_tW_top.root
saved file /work/wjin/featurereduced4/rootfiles_zinvcontrol/2017/singletop_tW_top.root
loading source file /scratch/mratti/NEWSnTtrees/2017/singletop_tchan_tbar.root
start creating backgroud file /work/wjin/featurereduced4/rootfiles_zinvcontrol/2017/singletop_tchan_tbar.root
saved file /work/wjin/featurereduced4/rootfiles_zinvcontrol/2017/singletop_tchan_tbar.root
loading source file /scratch/mratti/NEWSnTtrees/2017/singletop_tchan_top.root
start creating backgroud file /work/wjin/featurereduced4/rootfiles_zinvcontrol/2017/singletop_tchan_top.root
saved file /work/wjin/featurereduced4/rootfiles_zinvcontrol/2017/singletop_tchan_top.root
loading source file /scratch/mratti/NEWSnTtrees/2017/ttdl_mg.root
start creating backgroud file /work/wjin/featurereduced4/rootfiles_zinvcontrol/2017/ttdl_mg.root
saved file /work/wjin/featurereduced4/rootfiles_zinvcontrol/2017/ttdl_mg.root
loading source file /scratch/mratti/NEWSnTtrees/2017/ttsl_tbar_mg.root
start creating backgroud file /work/wjin/featurereduced4/rootfiles_zinvcontrol/2017/ttsl_tbar_mg.root
saved file /work/wjin/featurereduced4/rootfiles_zinvcontrol/2017/ttsl_tbar_mg.root
loading source file /scratch/mratti/NEWSnTtrees/2017/ttsl_top_mg.root
start creating backgroud file /work/wjin/featurereduced4/rootfiles_zinvcontrol/2017/ttsl_top_mg.root
saved file /work/wjin/featurereduced4/rootfiles_zinvcontrol/2017/ttsl_top_mg.root
loading source file /scratch/mratti/NEWSnTtrees/2017/ttz_mg.root
start creating backgroud file /work/wjin/featurereduced4/rootfiles_zinvcontrol/2017/ttz_mg.root
saved file /work/wjin/featurereduced4/rootfiles_zinvcontrol/2017/ttz_mg.root
loading source file /scratch/mratti/NEWSnTtrees/2017/ttw_mg.root
start creating backgroud file /work/wjin/featurereduced4/rootfiles_zinvcontrol/2017/ttw_mg.root
saved file /work/wjin/featurereduced4/rootfiles_zinvcontrol/2017/ttw_mg.root
loading source file /scratch/mratti/NEWSnTtrees/2017/ttg_amcatnlo.root
start creating backgroud file /work/wjin/featurereduced4/rootfiles_zinvcontrol/2017/ttg_amcatnlo.root
saved file /work/wjin/featurereduced4/rootfiles_zinvcontrol/2017/ttg_amcatnlo.root
loading source file /scratch/mratti/NEWSnTtrees/2017/tttt.root
start creating backgroud file /work/wjin/featurereduced4/rootfiles_zinvcontrol/2017/tttt.root
saved file /work/wjin/featurereduced4/rootfiles_zinvcontrol/2017/tttt.root
loading source file /scratch/mratti/NEWSnTtrees/2017/wjets_ht100to200.root
start creating backgroud file /work/wjin/featurereduced4/rootfiles_zinvcontrol/2017/wjets_ht100to200.root
saved file /work/wjin/featurereduced4/rootfiles_zinvcontrol/2017/wjets_ht100to200.root
loading source file /scratch/mratti/NEWSnTtrees/2017/wjets_ht1200to2500.root
start creating backgroud file /work/wjin/featurereduced4/rootfiles_zinvcontrol/2017/wjets_ht1200to2500.root
saved file /work/wjin/featurereduced4/rootfiles_zinvcontrol/2017/wjets_ht1200to2500.root
loading source file /scratch/mratti/NEWSnTtrees/2017/wjets_ht1200to2500_1.root
start creating backgroud file /work/wjin/featurereduced4/rootfiles_zinvcontrol/2017/wjets_ht1200to2500_1.root
saved file /work/wjin/featurereduced4/rootfiles_zinvcontrol/2017/wjets_ht1200to2500_1.root
loading source file /scratch/mratti/NEWSnTtrees/2017/wjets_ht200to400.root
start creating backgroud file /work/wjin/featurereduced4/rootfiles_zinvcontrol/2017/wjets_ht200to400.root
saved file /work/wjin/featurereduced4/rootfiles_zinvcontrol/2017/wjets_ht200to400.root
loading source file /scratch/mratti/NEWSnTtrees/2017/wjets_ht2500toInf.root
start creating backgroud file /work/wjin/featurereduced4/rootfiles_zinvcontrol/2017/wjets_ht2500toInf.root
saved file /work/wjin/featurereduced4/rootfiles_zinvcontrol/2017/wjets_ht2500toInf.root
loading source file /scratch/mratti/NEWSnTtrees/2017/wjets_ht2500toInf_1.root
start creating backgroud file /work/wjin/featurereduced4/rootfiles_zinvcontrol/2017/wjets_ht2500toInf_1.root
saved file /work/wjin/featurereduced4/rootfiles_zinvcontrol/2017/wjets_ht2500toInf_1.root
loading source file /scratch/mratti/NEWSnTtrees/2017/wjets_ht400to600.root
start creating backgroud file /work/wjin/featurereduced4/rootfiles_zinvcontrol/2017/wjets_ht400to600.root
saved file /work/wjin/featurereduced4/rootfiles_zinvcontrol/2017/wjets_ht400to600.root
loading source file /scratch/mratti/NEWSnTtrees/2017/wjets_ht600to800.root
start creating backgroud file /work/wjin/featurereduced4/rootfiles_zinvcontrol/2017/wjets_ht600to800.root
saved file /work/wjin/featurereduced4/rootfiles_zinvcontrol/2017/wjets_ht600to800.root
loading source file /scratch/mratti/NEWSnTtrees/2017/wjets_ht800to1200.root
start creating backgroud file /work/wjin/featurereduced4/rootfiles_zinvcontrol/2017/wjets_ht800to1200.root
saved file /work/wjin/featurereduced4/rootfiles_zinvcontrol/2017/wjets_ht800to1200.root
loading source file /scratch/mratti/NEWSnTtrees/2017/ww.root
start creating backgroud file /work/wjin/featurereduced4/rootfiles_zinvcontrol/2017/ww.root
saved file /work/wjin/featurereduced4/rootfiles_zinvcontrol/2017/ww.root
loading source file /scratch/mratti/NEWSnTtrees/2017/wz.root
start creating backgroud file /work/wjin/featurereduced4/rootfiles_zinvcontrol/2017/wz.root
saved file /work/wjin/featurereduced4/rootfiles_zinvcontrol/2017/wz.root
loading source file /scratch/mratti/NEWSnTtrees/2017/zinv_ht100to200.root
start creating backgroud file /work/wjin/featurereduced4/rootfiles_zinvcontrol/2017/zinv_ht100to200.root
saved file /work/wjin/featurereduced4/rootfiles_zinvcontrol/2017/zinv_ht100to200.root
loading source file /scratch/mratti/NEWSnTtrees/2017/zinv_ht1200to2500.root
start creating backgroud file /work/wjin/featurereduced4/rootfiles_zinvcontrol/2017/zinv_ht1200to2500.root
saved file /work/wjin/featurereduced4/rootfiles_zinvcontrol/2017/zinv_ht1200to2500.root
loading source file /scratch/mratti/NEWSnTtrees/2017/zinv_ht200to400.root
start creating backgroud file /work/wjin/featurereduced4/rootfiles_zinvcontrol/2017/zinv_ht200to400.root
saved file /work/wjin/featurereduced4/rootfiles_zinvcontrol/2017/zinv_ht200to400.root
loading source file /scratch/mratti/NEWSnTtrees/2017/zinv_ht2500toInf.root
start creating backgroud file /work/wjin/featurereduced4/rootfiles_zinvcontrol/2017/zinv_ht2500toInf.root
saved file /work/wjin/featurereduced4/rootfiles_zinvcontrol/2017/zinv_ht2500toInf.root
loading source file /scratch/mratti/NEWSnTtrees/2017/zinv_ht400to600.root
start creating backgroud file /work/wjin/featurereduced4/rootfiles_zinvcontrol/2017/zinv_ht400to600.root
saved file /work/wjin/featurereduced4/rootfiles_zinvcontrol/2017/zinv_ht400to600.root
loading source file /scratch/mratti/NEWSnTtrees/2017/zinv_ht600to800.root
start creating backgroud file /work/wjin/featurereduced4/rootfiles_zinvcontrol/2017/zinv_ht600to800.root
saved file /work/wjin/featurereduced4/rootfiles_zinvcontrol/2017/zinv_ht600to800.root
loading source file /scratch/mratti/NEWSnTtrees/2017/zinv_ht800to1200.root
start creating backgroud file /work/wjin/featurereduced4/rootfiles_zinvcontrol/2017/zinv_ht800to1200.root
saved file /work/wjin/featurereduced4/rootfiles_zinvcontrol/2017/zinv_ht800to1200.root
loading source file /scratch/mratti/NEWSnTtrees/2018/dyjetsll_ht100to200.root
start creating backgroud file /work/wjin/featurereduced4/rootfiles_zinvcontrol/2018/dyjetsll_ht100to200.root
saved file /work/wjin/featurereduced4/rootfiles_zinvcontrol/2018/dyjetsll_ht100to200.root
loading source file /scratch/mratti/NEWSnTtrees/2018/dyjetsll_ht1200to2500.root
start creating backgroud file /work/wjin/featurereduced4/rootfiles_zinvcontrol/2018/dyjetsll_ht1200to2500.root
saved file /work/wjin/featurereduced4/rootfiles_zinvcontrol/2018/dyjetsll_ht1200to2500.root
loading source file /scratch/mratti/NEWSnTtrees/2018/dyjetsll_ht200to400.root
start creating backgroud file /work/wjin/featurereduced4/rootfiles_zinvcontrol/2018/dyjetsll_ht200to400.root
saved file /work/wjin/featurereduced4/rootfiles_zinvcontrol/2018/dyjetsll_ht200to400.root
loading source file /scratch/mratti/NEWSnTtrees/2018/dyjetsll_ht2500toInf.root
start creating backgroud file /work/wjin/featurereduced4/rootfiles_zinvcontrol/2018/dyjetsll_ht2500toInf.root
saved file /work/wjin/featurereduced4/rootfiles_zinvcontrol/2018/dyjetsll_ht2500toInf.root
loading source file /scratch/mratti/NEWSnTtrees/2018/dyjetsll_ht400to600.root
start creating backgroud file /work/wjin/featurereduced4/rootfiles_zinvcontrol/2018/dyjetsll_ht400to600.root
saved file /work/wjin/featurereduced4/rootfiles_zinvcontrol/2018/dyjetsll_ht400to600.root
loading source file /scratch/mratti/NEWSnTtrees/2018/dyjetsll_ht600to800.root
start creating backgroud file /work/wjin/featurereduced4/rootfiles_zinvcontrol/2018/dyjetsll_ht600to800.root
saved file /work/wjin/featurereduced4/rootfiles_zinvcontrol/2018/dyjetsll_ht600to800.root
loading source file /scratch/mratti/NEWSnTtrees/2018/dyjetsll_ht800to1200.root
start creating backgroud file /work/wjin/featurereduced4/rootfiles_zinvcontrol/2018/dyjetsll_ht800to1200.root
saved file /work/wjin/featurereduced4/rootfiles_zinvcontrol/2018/dyjetsll_ht800to1200.root
loading source file /scratch/mratti/NEWSnTtrees/2018/gjets_dr0p05_ht200to400.root
start creating backgroud file /work/wjin/featurereduced4/rootfiles_zinvcontrol/2018/gjets_dr0p05_ht200to400.root
saved file /work/wjin/featurereduced4/rootfiles_zinvcontrol/2018/gjets_dr0p05_ht200to400.root
loading source file /scratch/mratti/NEWSnTtrees/2018/gjets_dr0p05_ht400to600.root
start creating backgroud file /work/wjin/featurereduced4/rootfiles_zinvcontrol/2018/gjets_dr0p05_ht400to600.root
saved file /work/wjin/featurereduced4/rootfiles_zinvcontrol/2018/gjets_dr0p05_ht400to600.root
loading source file /scratch/mratti/NEWSnTtrees/2018/gjets_dr0p05_ht40to100.root
start creating backgroud file /work/wjin/featurereduced4/rootfiles_zinvcontrol/2018/gjets_dr0p05_ht40to100.root
saved file /work/wjin/featurereduced4/rootfiles_zinvcontrol/2018/gjets_dr0p05_ht40to100.root
loading source file /scratch/mratti/NEWSnTtrees/2018/gjets_dr0p05_ht600toInf_ext1.root
start creating backgroud file /work/wjin/featurereduced4/rootfiles_zinvcontrol/2018/gjets_dr0p05_ht600toInf_ext1.root
saved file /work/wjin/featurereduced4/rootfiles_zinvcontrol/2018/gjets_dr0p05_ht600toInf_ext1.root
loading source file /scratch/mratti/NEWSnTtrees/2018/qcd_ht1000to1500.root
start creating backgroud file /work/wjin/featurereduced4/rootfiles_zinvcontrol/2018/qcd_ht1000to1500.root
saved file /work/wjin/featurereduced4/rootfiles_zinvcontrol/2018/qcd_ht1000to1500.root
loading source file /scratch/mratti/NEWSnTtrees/2018/qcd_ht1500to2000.root
start creating backgroud file /work/wjin/featurereduced4/rootfiles_zinvcontrol/2018/qcd_ht1500to2000.root
saved file /work/wjin/featurereduced4/rootfiles_zinvcontrol/2018/qcd_ht1500to2000.root
loading source file /scratch/mratti/NEWSnTtrees/2018/qcd_ht2000toInf.root
start creating backgroud file /work/wjin/featurereduced4/rootfiles_zinvcontrol/2018/qcd_ht2000toInf.root
saved file /work/wjin/featurereduced4/rootfiles_zinvcontrol/2018/qcd_ht2000toInf.root
loading source file /scratch/mratti/NEWSnTtrees/2018/qcd_ht300to500.root
start creating backgroud file /work/wjin/featurereduced4/rootfiles_zinvcontrol/2018/qcd_ht300to500.root
saved file /work/wjin/featurereduced4/rootfiles_zinvcontrol/2018/qcd_ht300to500.root
loading source file /scratch/mratti/NEWSnTtrees/2018/qcd_ht500to700.root
start creating backgroud file /work/wjin/featurereduced4/rootfiles_zinvcontrol/2018/qcd_ht500to700.root
saved file /work/wjin/featurereduced4/rootfiles_zinvcontrol/2018/qcd_ht500to700.root
loading source file /scratch/mratti/NEWSnTtrees/2018/qcd_ht700to1000.root
start creating backgroud file /work/wjin/featurereduced4/rootfiles_zinvcontrol/2018/qcd_ht700to1000.root
saved file /work/wjin/featurereduced4/rootfiles_zinvcontrol/2018/qcd_ht700to1000.root
loading source file /scratch/mratti/NEWSnTtrees/2018/singletop_schan.root
start creating backgroud file /work/wjin/featurereduced4/rootfiles_zinvcontrol/2018/singletop_schan.root
saved file /work/wjin/featurereduced4/rootfiles_zinvcontrol/2018/singletop_schan.root
loading source file /scratch/mratti/NEWSnTtrees/2018/singletop_tW_tbar.root
start creating backgroud file /work/wjin/featurereduced4/rootfiles_zinvcontrol/2018/singletop_tW_tbar.root
saved file /work/wjin/featurereduced4/rootfiles_zinvcontrol/2018/singletop_tW_tbar.root
loading source file /scratch/mratti/NEWSnTtrees/2018/singletop_tW_top.root
start creating backgroud file /work/wjin/featurereduced4/rootfiles_zinvcontrol/2018/singletop_tW_top.root
saved file /work/wjin/featurereduced4/rootfiles_zinvcontrol/2018/singletop_tW_top.root
loading source file /scratch/mratti/NEWSnTtrees/2018/singletop_tchan_tbar.root
start creating backgroud file /work/wjin/featurereduced4/rootfiles_zinvcontrol/2018/singletop_tchan_tbar.root
saved file /work/wjin/featurereduced4/rootfiles_zinvcontrol/2018/singletop_tchan_tbar.root
loading source file /scratch/mratti/NEWSnTtrees/2018/singletop_tchan_top.root
start creating backgroud file /work/wjin/featurereduced4/rootfiles_zinvcontrol/2018/singletop_tchan_top.root
saved file /work/wjin/featurereduced4/rootfiles_zinvcontrol/2018/singletop_tchan_top.root
loading source file /scratch/mratti/NEWSnTtrees/2018/ttdl_mg.root
start creating backgroud file /work/wjin/featurereduced4/rootfiles_zinvcontrol/2018/ttdl_mg.root
saved file /work/wjin/featurereduced4/rootfiles_zinvcontrol/2018/ttdl_mg.root
loading source file /scratch/mratti/NEWSnTtrees/2018/ttsl_tbar_mg.root
start creating backgroud file /work/wjin/featurereduced4/rootfiles_zinvcontrol/2018/ttsl_tbar_mg.root
saved file /work/wjin/featurereduced4/rootfiles_zinvcontrol/2018/ttsl_tbar_mg.root
loading source file /scratch/mratti/NEWSnTtrees/2018/ttsl_top_mg.root
start creating backgroud file /work/wjin/featurereduced4/rootfiles_zinvcontrol/2018/ttsl_top_mg.root
saved file /work/wjin/featurereduced4/rootfiles_zinvcontrol/2018/ttsl_top_mg.root
loading source file /scratch/mratti/NEWSnTtrees/2018/ttz_mg.root
start creating backgroud file /work/wjin/featurereduced4/rootfiles_zinvcontrol/2018/ttz_mg.root
saved file /work/wjin/featurereduced4/rootfiles_zinvcontrol/2018/ttz_mg.root
loading source file /scratch/mratti/NEWSnTtrees/2018/ttw_mg.root
start creating backgroud file /work/wjin/featurereduced4/rootfiles_zinvcontrol/2018/ttw_mg.root
saved file /work/wjin/featurereduced4/rootfiles_zinvcontrol/2018/ttw_mg.root
loading source file /scratch/mratti/NEWSnTtrees/2018/tttt.root
start creating backgroud file /work/wjin/featurereduced4/rootfiles_zinvcontrol/2018/tttt.root
saved file /work/wjin/featurereduced4/rootfiles_zinvcontrol/2018/tttt.root
loading source file /scratch/mratti/NEWSnTtrees/2018/wjets_ht100to200.root
start creating backgroud file /work/wjin/featurereduced4/rootfiles_zinvcontrol/2018/wjets_ht100to200.root
saved file /work/wjin/featurereduced4/rootfiles_zinvcontrol/2018/wjets_ht100to200.root
loading source file /scratch/mratti/NEWSnTtrees/2018/wjets_ht1200to2500.root
start creating backgroud file /work/wjin/featurereduced4/rootfiles_zinvcontrol/2018/wjets_ht1200to2500.root
saved file /work/wjin/featurereduced4/rootfiles_zinvcontrol/2018/wjets_ht1200to2500.root
loading source file /scratch/mratti/NEWSnTtrees/2018/wjets_ht200to400.root
start creating backgroud file /work/wjin/featurereduced4/rootfiles_zinvcontrol/2018/wjets_ht200to400.root
saved file /work/wjin/featurereduced4/rootfiles_zinvcontrol/2018/wjets_ht200to400.root
loading source file /scratch/mratti/NEWSnTtrees/2018/wjets_ht2500toInf.root
start creating backgroud file /work/wjin/featurereduced4/rootfiles_zinvcontrol/2018/wjets_ht2500toInf.root
saved file /work/wjin/featurereduced4/rootfiles_zinvcontrol/2018/wjets_ht2500toInf.root
loading source file /scratch/mratti/NEWSnTtrees/2018/wjets_ht400to600.root
start creating backgroud file /work/wjin/featurereduced4/rootfiles_zinvcontrol/2018/wjets_ht400to600.root
saved file /work/wjin/featurereduced4/rootfiles_zinvcontrol/2018/wjets_ht400to600.root
loading source file /scratch/mratti/NEWSnTtrees/2018/wjets_ht600to800.root
start creating backgroud file /work/wjin/featurereduced4/rootfiles_zinvcontrol/2018/wjets_ht600to800.root
saved file /work/wjin/featurereduced4/rootfiles_zinvcontrol/2018/wjets_ht600to800.root
loading source file /scratch/mratti/NEWSnTtrees/2018/wjets_ht800to1200.root
start creating backgroud file /work/wjin/featurereduced4/rootfiles_zinvcontrol/2018/wjets_ht800to1200.root
saved file /work/wjin/featurereduced4/rootfiles_zinvcontrol/2018/wjets_ht800to1200.root
loading source file /scratch/mratti/NEWSnTtrees/2018/ww.root
start creating backgroud file /work/wjin/featurereduced4/rootfiles_zinvcontrol/2018/ww.root
saved file /work/wjin/featurereduced4/rootfiles_zinvcontrol/2018/ww.root
loading source file /scratch/mratti/NEWSnTtrees/2018/wz.root
start creating backgroud file /work/wjin/featurereduced4/rootfiles_zinvcontrol/2018/wz.root
saved file /work/wjin/featurereduced4/rootfiles_zinvcontrol/2018/wz.root
loading source file /scratch/mratti/NEWSnTtrees/2018/zinv_ht100to200.root
start creating backgroud file /work/wjin/featurereduced4/rootfiles_zinvcontrol/2018/zinv_ht100to200.root
saved file /work/wjin/featurereduced4/rootfiles_zinvcontrol/2018/zinv_ht100to200.root
loading source file /scratch/mratti/NEWSnTtrees/2018/zinv_ht1200to2500.root
start creating backgroud file /work/wjin/featurereduced4/rootfiles_zinvcontrol/2018/zinv_ht1200to2500.root
saved file /work/wjin/featurereduced4/rootfiles_zinvcontrol/2018/zinv_ht1200to2500.root
loading source file /scratch/mratti/NEWSnTtrees/2018/zinv_ht200to400.root
start creating backgroud file /work/wjin/featurereduced4/rootfiles_zinvcontrol/2018/zinv_ht200to400.root
saved file /work/wjin/featurereduced4/rootfiles_zinvcontrol/2018/zinv_ht200to400.root
loading source file /scratch/mratti/NEWSnTtrees/2018/zinv_ht2500toInf.root
start creating backgroud file /work/wjin/featurereduced4/rootfiles_zinvcontrol/2018/zinv_ht2500toInf.root
saved file /work/wjin/featurereduced4/rootfiles_zinvcontrol/2018/zinv_ht2500toInf.root
loading source file /scratch/mratti/NEWSnTtrees/2018/zinv_ht400to600.root
start creating backgroud file /work/wjin/featurereduced4/rootfiles_zinvcontrol/2018/zinv_ht400to600.root
saved file /work/wjin/featurereduced4/rootfiles_zinvcontrol/2018/zinv_ht400to600.root
loading source file /scratch/mratti/NEWSnTtrees/2018/zinv_ht600to800.root
start creating backgroud file /work/wjin/featurereduced4/rootfiles_zinvcontrol/2018/zinv_ht600to800.root
saved file /work/wjin/featurereduced4/rootfiles_zinvcontrol/2018/zinv_ht600to800.root
loading source file /scratch/mratti/NEWSnTtrees/2018/zinv_ht800to1200.root
start creating backgroud file /work/wjin/featurereduced4/rootfiles_zinvcontrol/2018/zinv_ht800to1200.root
saved file /work/wjin/featurereduced4/rootfiles_zinvcontrol/2018/zinv_ht800to1200.root
loading source file /scratch/mratti/NEWSnTtrees/2016/signal/T1bbbb_94x_1.root
start creating signal file /work/wjin/featurereduced4/rootfiles_zinvcontrol/2016/signal/T1bbbb_94x_1.root
saved file /work/wjin/featurereduced4/rootfiles_zinvcontrol/2016/signal/T1bbbb_94x_1.root
loading source file /scratch/mratti/NEWSnTtrees/2016/signal/T1bbbb_94x_2.root
start creating signal file /work/wjin/featurereduced4/rootfiles_zinvcontrol/2016/signal/T1bbbb_94x_2.root
saved file /work/wjin/featurereduced4/rootfiles_zinvcontrol/2016/signal/T1bbbb_94x_2.root
loading source file /scratch/mratti/NEWSnTtrees/2016/signal/T1bbbb_94x.root
start creating signal file /work/wjin/featurereduced4/rootfiles_zinvcontrol/2016/signal/T1bbbb_94x.root
saved file /work/wjin/featurereduced4/rootfiles_zinvcontrol/2016/signal/T1bbbb_94x.root
loading source file /scratch/mratti/NEWSnTtrees/2016/signal/T1qqqq_94x_1.root
start creating signal file /work/wjin/featurereduced4/rootfiles_zinvcontrol/2016/signal/T1qqqq_94x_1.root
saved file /work/wjin/featurereduced4/rootfiles_zinvcontrol/2016/signal/T1qqqq_94x_1.root
loading source file /scratch/mratti/NEWSnTtrees/2016/signal/T1qqqq_94x_2.root
start creating signal file /work/wjin/featurereduced4/rootfiles_zinvcontrol/2016/signal/T1qqqq_94x_2.root
saved file /work/wjin/featurereduced4/rootfiles_zinvcontrol/2016/signal/T1qqqq_94x_2.root
loading source file /scratch/mratti/NEWSnTtrees/2016/signal/T1qqqq_94x.root
start creating signal file /work/wjin/featurereduced4/rootfiles_zinvcontrol/2016/signal/T1qqqq_94x.root
saved file /work/wjin/featurereduced4/rootfiles_zinvcontrol/2016/signal/T1qqqq_94x.root
loading source file /scratch/mratti/NEWSnTtrees/2016/signal/T2bb_1.root
start creating signal file /work/wjin/featurereduced4/rootfiles_zinvcontrol/2016/signal/T2bb_1.root
saved file /work/wjin/featurereduced4/rootfiles_zinvcontrol/2016/signal/T2bb_1.root
loading source file /scratch/mratti/NEWSnTtrees/2016/signal/T2bb_mSbot1650to2600.root
start creating signal file /work/wjin/featurereduced4/rootfiles_zinvcontrol/2016/signal/T2bb_mSbot1650to2600.root
saved file /work/wjin/featurereduced4/rootfiles_zinvcontrol/2016/signal/T2bb_mSbot1650to2600.root
loading source file /scratch/mratti/NEWSnTtrees/2016/signal/T2bb.root
start creating signal file /work/wjin/featurereduced4/rootfiles_zinvcontrol/2016/signal/T2bb.root
saved file /work/wjin/featurereduced4/rootfiles_zinvcontrol/2016/signal/T2bb.root
loading source file /scratch/mratti/NEWSnTtrees/2016/signal/T2qq_1.root
start creating signal file /work/wjin/featurereduced4/rootfiles_zinvcontrol/2016/signal/T2qq_1.root
saved file /work/wjin/featurereduced4/rootfiles_zinvcontrol/2016/signal/T2qq_1.root
loading source file /scratch/mratti/NEWSnTtrees/2016/signal/T2qq_mSq1850to2600.root
start creating signal file /work/wjin/featurereduced4/rootfiles_zinvcontrol/2016/signal/T2qq_mSq1850to2600.root
saved file /work/wjin/featurereduced4/rootfiles_zinvcontrol/2016/signal/T2qq_mSq1850to2600.root
loading source file /scratch/mratti/NEWSnTtrees/2016/signal/T2qq.root
start creating signal file /work/wjin/featurereduced4/rootfiles_zinvcontrol/2016/signal/T2qq.root
saved file /work/wjin/featurereduced4/rootfiles_zinvcontrol/2016/signal/T2qq.root
loading source file /scratch/mratti/NEWSnTtrees/2017/signal/T1bbbb_1.root
start creating signal file /work/wjin/featurereduced4/rootfiles_zinvcontrol/2017/signal/T1bbbb_1.root
saved file /work/wjin/featurereduced4/rootfiles_zinvcontrol/2017/signal/T1bbbb_1.root
loading source file /scratch/mratti/NEWSnTtrees/2017/signal/T1bbbb_2.root
start creating signal file /work/wjin/featurereduced4/rootfiles_zinvcontrol/2017/signal/T1bbbb_2.root
saved file /work/wjin/featurereduced4/rootfiles_zinvcontrol/2017/signal/T1bbbb_2.root
loading source file /scratch/mratti/NEWSnTtrees/2017/signal/T1bbbb_ext1_1.root
start creating signal file /work/wjin/featurereduced4/rootfiles_zinvcontrol/2017/signal/T1bbbb_ext1_1.root
saved file /work/wjin/featurereduced4/rootfiles_zinvcontrol/2017/signal/T1bbbb_ext1_1.root
loading source file /scratch/mratti/NEWSnTtrees/2017/signal/T1bbbb_ext1_2.root
start creating signal file /work/wjin/featurereduced4/rootfiles_zinvcontrol/2017/signal/T1bbbb_ext1_2.root
saved file /work/wjin/featurereduced4/rootfiles_zinvcontrol/2017/signal/T1bbbb_ext1_2.root
loading source file /scratch/mratti/NEWSnTtrees/2017/signal/T1bbbb_ext1_3.root
start creating signal file /work/wjin/featurereduced4/rootfiles_zinvcontrol/2017/signal/T1bbbb_ext1_3.root
saved file /work/wjin/featurereduced4/rootfiles_zinvcontrol/2017/signal/T1bbbb_ext1_3.root
loading source file /scratch/mratti/NEWSnTtrees/2017/signal/T1bbbb_ext1_4.root
start creating signal file /work/wjin/featurereduced4/rootfiles_zinvcontrol/2017/signal/T1bbbb_ext1_4.root
saved file /work/wjin/featurereduced4/rootfiles_zinvcontrol/2017/signal/T1bbbb_ext1_4.root
loading source file /scratch/mratti/NEWSnTtrees/2017/signal/T1bbbb_ext1.root
start creating signal file /work/wjin/featurereduced4/rootfiles_zinvcontrol/2017/signal/T1bbbb_ext1.root
saved file /work/wjin/featurereduced4/rootfiles_zinvcontrol/2017/signal/T1bbbb_ext1.root
loading source file /scratch/mratti/NEWSnTtrees/2017/signal/T1bbbb.root
start creating signal file /work/wjin/featurereduced4/rootfiles_zinvcontrol/2017/signal/T1bbbb.root
saved file /work/wjin/featurereduced4/rootfiles_zinvcontrol/2017/signal/T1bbbb.root
loading source file /scratch/mratti/NEWSnTtrees/2017/signal/T1qqqq_1.root
start creating signal file /work/wjin/featurereduced4/rootfiles_zinvcontrol/2017/signal/T1qqqq_1.root
saved file /work/wjin/featurereduced4/rootfiles_zinvcontrol/2017/signal/T1qqqq_1.root
loading source file /scratch/mratti/NEWSnTtrees/2017/signal/T1qqqq_2.root
start creating signal file /work/wjin/featurereduced4/rootfiles_zinvcontrol/2017/signal/T1qqqq_2.root
saved file /work/wjin/featurereduced4/rootfiles_zinvcontrol/2017/signal/T1qqqq_2.root
loading source file /scratch/mratti/NEWSnTtrees/2017/signal/T1qqqq_ext1_1.root
start creating signal file /work/wjin/featurereduced4/rootfiles_zinvcontrol/2017/signal/T1qqqq_ext1_1.root
saved file /work/wjin/featurereduced4/rootfiles_zinvcontrol/2017/signal/T1qqqq_ext1_1.root
loading source file /scratch/mratti/NEWSnTtrees/2017/signal/T1qqqq_ext1_2.root
start creating signal file /work/wjin/featurereduced4/rootfiles_zinvcontrol/2017/signal/T1qqqq_ext1_2.root
saved file /work/wjin/featurereduced4/rootfiles_zinvcontrol/2017/signal/T1qqqq_ext1_2.root
loading source file /scratch/mratti/NEWSnTtrees/2017/signal/T1qqqq_ext1_3.root
start creating signal file /work/wjin/featurereduced4/rootfiles_zinvcontrol/2017/signal/T1qqqq_ext1_3.root
saved file /work/wjin/featurereduced4/rootfiles_zinvcontrol/2017/signal/T1qqqq_ext1_3.root
loading source file /scratch/mratti/NEWSnTtrees/2017/signal/T1qqqq_ext1_4.root
start creating signal file /work/wjin/featurereduced4/rootfiles_zinvcontrol/2017/signal/T1qqqq_ext1_4.root
saved file /work/wjin/featurereduced4/rootfiles_zinvcontrol/2017/signal/T1qqqq_ext1_4.root
loading source file /scratch/mratti/NEWSnTtrees/2017/signal/T1qqqq_ext1.root
start creating signal file /work/wjin/featurereduced4/rootfiles_zinvcontrol/2017/signal/T1qqqq_ext1.root
saved file /work/wjin/featurereduced4/rootfiles_zinvcontrol/2017/signal/T1qqqq_ext1.root
loading source file /scratch/mratti/NEWSnTtrees/2017/signal/T1qqqq.root
start creating signal file /work/wjin/featurereduced4/rootfiles_zinvcontrol/2017/signal/T1qqqq.root
saved file /work/wjin/featurereduced4/rootfiles_zinvcontrol/2017/signal/T1qqqq.root
loading source file /scratch/mratti/NEWSnTtrees/2017/signal/T2bb_1.root
start creating signal file /work/wjin/featurereduced4/rootfiles_zinvcontrol/2017/signal/T2bb_1.root
saved file /work/wjin/featurereduced4/rootfiles_zinvcontrol/2017/signal/T2bb_1.root
loading source file /scratch/mratti/NEWSnTtrees/2017/signal/T2bb_ext1_1.root
start creating signal file /work/wjin/featurereduced4/rootfiles_zinvcontrol/2017/signal/T2bb_ext1_1.root
saved file /work/wjin/featurereduced4/rootfiles_zinvcontrol/2017/signal/T2bb_ext1_1.root
loading source file /scratch/mratti/NEWSnTtrees/2017/signal/T2bb_ext1.root
start creating signal file /work/wjin/featurereduced4/rootfiles_zinvcontrol/2017/signal/T2bb_ext1.root
saved file /work/wjin/featurereduced4/rootfiles_zinvcontrol/2017/signal/T2bb_ext1.root
loading source file /scratch/mratti/NEWSnTtrees/2017/signal/T2bb_mSbot1650to2600_ext1_1.root
start creating signal file /work/wjin/featurereduced4/rootfiles_zinvcontrol/2017/signal/T2bb_mSbot1650to2600_ext1_1.root
saved file /work/wjin/featurereduced4/rootfiles_zinvcontrol/2017/signal/T2bb_mSbot1650to2600_ext1_1.root
loading source file /scratch/mratti/NEWSnTtrees/2017/signal/T2bb_mSbot1650to2600_ext1.root
start creating signal file /work/wjin/featurereduced4/rootfiles_zinvcontrol/2017/signal/T2bb_mSbot1650to2600_ext1.root
saved file /work/wjin/featurereduced4/rootfiles_zinvcontrol/2017/signal/T2bb_mSbot1650to2600_ext1.root
loading source file /scratch/mratti/NEWSnTtrees/2017/signal/T2bb_mSbot1650to2600.root
start creating signal file /work/wjin/featurereduced4/rootfiles_zinvcontrol/2017/signal/T2bb_mSbot1650to2600.root
saved file /work/wjin/featurereduced4/rootfiles_zinvcontrol/2017/signal/T2bb_mSbot1650to2600.root
loading source file /scratch/mratti/NEWSnTtrees/2017/signal/T2bb.root
start creating signal file /work/wjin/featurereduced4/rootfiles_zinvcontrol/2017/signal/T2bb.root
saved file /work/wjin/featurereduced4/rootfiles_zinvcontrol/2017/signal/T2bb.root
loading source file /scratch/mratti/NEWSnTtrees/2017/signal/T2qq_1.root
start creating signal file /work/wjin/featurereduced4/rootfiles_zinvcontrol/2017/signal/T2qq_1.root
saved file /work/wjin/featurereduced4/rootfiles_zinvcontrol/2017/signal/T2qq_1.root
loading source file /scratch/mratti/NEWSnTtrees/2017/signal/T2qq_2.root
start creating signal file /work/wjin/featurereduced4/rootfiles_zinvcontrol/2017/signal/T2qq_2.root
saved file /work/wjin/featurereduced4/rootfiles_zinvcontrol/2017/signal/T2qq_2.root
loading source file /scratch/mratti/NEWSnTtrees/2017/signal/T2qq_ext1_1.root
start creating signal file /work/wjin/featurereduced4/rootfiles_zinvcontrol/2017/signal/T2qq_ext1_1.root
saved file /work/wjin/featurereduced4/rootfiles_zinvcontrol/2017/signal/T2qq_ext1_1.root
loading source file /scratch/mratti/NEWSnTtrees/2017/signal/T2qq_ext1_2.root
start creating signal file /work/wjin/featurereduced4/rootfiles_zinvcontrol/2017/signal/T2qq_ext1_2.root
saved file /work/wjin/featurereduced4/rootfiles_zinvcontrol/2017/signal/T2qq_ext1_2.root
loading source file /scratch/mratti/NEWSnTtrees/2017/signal/T2qq_ext1_3.root
start creating signal file /work/wjin/featurereduced4/rootfiles_zinvcontrol/2017/signal/T2qq_ext1_3.root
saved file /work/wjin/featurereduced4/rootfiles_zinvcontrol/2017/signal/T2qq_ext1_3.root
loading source file /scratch/mratti/NEWSnTtrees/2017/signal/T2qq_ext1.root
start creating signal file /work/wjin/featurereduced4/rootfiles_zinvcontrol/2017/signal/T2qq_ext1.root
saved file /work/wjin/featurereduced4/rootfiles_zinvcontrol/2017/signal/T2qq_ext1.root
loading source file /scratch/mratti/NEWSnTtrees/2017/signal/T2qq_mSq_1850to2600_ext1.root
start creating signal file /work/wjin/featurereduced4/rootfiles_zinvcontrol/2017/signal/T2qq_mSq_1850to2600_ext1.root
saved file /work/wjin/featurereduced4/rootfiles_zinvcontrol/2017/signal/T2qq_mSq_1850to2600_ext1.root
loading source file /scratch/mratti/NEWSnTtrees/2017/signal/T2qq_mSq_1850to2600.root
start creating signal file /work/wjin/featurereduced4/rootfiles_zinvcontrol/2017/signal/T2qq_mSq_1850to2600.root
saved file /work/wjin/featurereduced4/rootfiles_zinvcontrol/2017/signal/T2qq_mSq_1850to2600.root
loading source file /scratch/mratti/NEWSnTtrees/2017/signal/T2qq.root
start creating signal file /work/wjin/featurereduced4/rootfiles_zinvcontrol/2017/signal/T2qq.root
saved file /work/wjin/featurereduced4/rootfiles_zinvcontrol/2017/signal/T2qq.root
(int) 1
